<?xml version="1.0" encoding="UTF-8"?>
<coverage generated="1699825239357" clover="3.2.0">
  <project timestamp="1699825239358" name="All files">
    <metrics statements="1127" coveredstatements="1016" conditionals="120" coveredconditionals="103" methods="69" coveredmethods="54" elements="1316" coveredelements="1173" complexity="0" loc="1127" ncloc="1127" packages="20" files="37" classes="37"/>
    <package name="app">
      <metrics statements="63" coveredstatements="57" conditionals="4" coveredconditionals="3" methods="5" coveredmethods="3"/>
      <file name="error-boundary.tsx" path="D:\pet-projects\react-study\React-Q4\src\app\error-boundary.tsx">
        <metrics statements="33" coveredstatements="27" conditionals="3" coveredconditionals="2" methods="4" coveredmethods="2"/>
        <line num="1" count="1" type="stmt"/>
        <line num="2" count="1" type="stmt"/>
        <line num="3" count="1" type="stmt"/>
        <line num="4" count="1" type="stmt"/>
        <line num="5" count="1" type="stmt"/>
        <line num="6" count="1" type="stmt"/>
        <line num="7" count="1" type="stmt"/>
        <line num="8" count="1" type="stmt"/>
        <line num="9" count="1" type="stmt"/>
        <line num="10" count="1" type="stmt"/>
        <line num="11" count="1" type="stmt"/>
        <line num="12" count="1" type="stmt"/>
        <line num="13" count="1" type="cond" truecount="1" falsecount="0"/>
        <line num="14" count="8" type="stmt"/>
        <line num="15" count="8" type="stmt"/>
        <line num="16" count="8" type="stmt"/>
        <line num="17" count="1" type="stmt"/>
        <line num="18" count="1" type="stmt"/>
        <line num="19" count="0" type="stmt"/>
        <line num="20" count="0" type="stmt"/>
        <line num="21" count="1" type="stmt"/>
        <line num="22" count="1" type="stmt"/>
        <line num="23" count="0" type="stmt"/>
        <line num="24" count="0" type="stmt"/>
        <line num="25" count="1" type="stmt"/>
        <line num="26" count="1" type="cond" truecount="1" falsecount="0"/>
        <line num="27" count="9" type="cond" truecount="0" falsecount="1"/>
        <line num="28" count="0" type="stmt"/>
        <line num="29" count="0" type="stmt"/>
        <line num="30" count="9" type="stmt"/>
        <line num="31" count="9" type="stmt"/>
        <line num="32" count="9" type="stmt"/>
        <line num="33" count="1" type="stmt"/>
      </file>
      <file name="index.tsx" path="D:\pet-projects\react-study\React-Q4\src\app\index.tsx">
        <metrics statements="30" coveredstatements="30" conditionals="1" coveredconditionals="1" methods="1" coveredmethods="1"/>
        <line num="1" count="1" type="stmt"/>
        <line num="2" count="1" type="stmt"/>
        <line num="3" count="1" type="stmt"/>
        <line num="4" count="1" type="stmt"/>
        <line num="5" count="1" type="stmt"/>
        <line num="6" count="1" type="stmt"/>
        <line num="7" count="1" type="stmt"/>
        <line num="8" count="1" type="stmt"/>
        <line num="9" count="1" type="stmt"/>
        <line num="10" count="1" type="stmt"/>
        <line num="11" count="1" type="cond" truecount="1" falsecount="0"/>
        <line num="12" count="9" type="stmt"/>
        <line num="13" count="9" type="stmt"/>
        <line num="14" count="9" type="stmt"/>
        <line num="15" count="9" type="stmt"/>
        <line num="16" count="9" type="stmt"/>
        <line num="17" count="9" type="stmt"/>
        <line num="18" count="9" type="stmt"/>
        <line num="19" count="9" type="stmt"/>
        <line num="20" count="9" type="stmt"/>
        <line num="21" count="9" type="stmt"/>
        <line num="22" count="9" type="stmt"/>
        <line num="23" count="9" type="stmt"/>
        <line num="24" count="9" type="stmt"/>
        <line num="25" count="9" type="stmt"/>
        <line num="26" count="9" type="stmt"/>
        <line num="27" count="9" type="stmt"/>
        <line num="28" count="9" type="stmt"/>
        <line num="29" count="9" type="stmt"/>
        <line num="30" count="1" type="stmt"/>
      </file>
    </package>
    <package name="components.card">
      <metrics statements="42" coveredstatements="42" conditionals="5" coveredconditionals="5" methods="2" coveredmethods="2"/>
      <file name="getArrayPlanetInfo.ts" path="D:\pet-projects\react-study\React-Q4\src\components\card\getArrayPlanetInfo.ts">
        <metrics statements="7" coveredstatements="7" conditionals="3" coveredconditionals="3" methods="1" coveredmethods="1"/>
        <line num="1" count="1" type="stmt"/>
        <line num="2" count="1" type="stmt"/>
        <line num="3" count="1" type="stmt"/>
        <line num="4" count="1" type="stmt"/>
        <line num="5" count="1" type="stmt"/>
        <line num="6" count="1" type="cond" truecount="1" falsecount="0"/>
        <line num="7" count="346" type="cond" truecount="2" falsecount="0"/>
      </file>
      <file name="index.tsx" path="D:\pet-projects\react-study\React-Q4\src\components\card\index.tsx">
        <metrics statements="35" coveredstatements="35" conditionals="2" coveredconditionals="2" methods="1" coveredmethods="1"/>
        <line num="1" count="1" type="stmt"/>
        <line num="2" count="1" type="stmt"/>
        <line num="3" count="1" type="stmt"/>
        <line num="4" count="1" type="stmt"/>
        <line num="5" count="1" type="stmt"/>
        <line num="6" count="1" type="stmt"/>
        <line num="7" count="1" type="stmt"/>
        <line num="8" count="1" type="stmt"/>
        <line num="9" count="1" type="stmt"/>
        <line num="10" count="1" type="stmt"/>
        <line num="11" count="1" type="stmt"/>
        <line num="12" count="1" type="stmt"/>
        <line num="13" count="1" type="stmt"/>
        <line num="14" count="1" type="stmt"/>
        <line num="15" count="1" type="cond" truecount="1" falsecount="0"/>
        <line num="16" count="346" type="stmt"/>
        <line num="17" count="346" type="stmt"/>
        <line num="18" count="346" type="stmt"/>
        <line num="19" count="346" type="stmt"/>
        <line num="20" count="346" type="stmt"/>
        <line num="21" count="346" type="stmt"/>
        <line num="22" count="346" type="cond" truecount="1" falsecount="0"/>
        <line num="23" count="2694" type="stmt"/>
        <line num="24" count="2694" type="stmt"/>
        <line num="25" count="2694" type="stmt"/>
        <line num="26" count="2694" type="stmt"/>
        <line num="27" count="2694" type="stmt"/>
        <line num="28" count="2694" type="stmt"/>
        <line num="29" count="2694" type="stmt"/>
        <line num="30" count="2694" type="stmt"/>
        <line num="31" count="346" type="stmt"/>
        <line num="32" count="346" type="stmt"/>
        <line num="33" count="346" type="stmt"/>
        <line num="34" count="346" type="stmt"/>
        <line num="35" count="346" type="stmt"/>
      </file>
    </package>
    <package name="components.card-list">
      <metrics statements="54" coveredstatements="54" conditionals="9" coveredconditionals="8" methods="2" coveredmethods="2"/>
      <file name="getJsxContentOfPlanets.tsx" path="D:\pet-projects\react-study\React-Q4\src\components\card-list\getJsxContentOfPlanets.tsx">
        <metrics statements="33" coveredstatements="33" conditionals="8" coveredconditionals="7" methods="1" coveredmethods="1"/>
        <line num="1" count="1" type="stmt"/>
        <line num="2" count="1" type="stmt"/>
        <line num="3" count="1" type="stmt"/>
        <line num="4" count="1" type="stmt"/>
        <line num="5" count="1" type="stmt"/>
        <line num="6" count="1" type="stmt"/>
        <line num="7" count="1" type="stmt"/>
        <line num="8" count="1" type="stmt"/>
        <line num="9" count="1" type="stmt"/>
        <line num="10" count="1" type="stmt"/>
        <line num="11" count="1" type="stmt"/>
        <line num="12" count="1" type="cond" truecount="1" falsecount="0"/>
        <line num="13" count="53" type="cond" truecount="3" falsecount="0"/>
        <line num="14" count="34" type="stmt"/>
        <line num="15" count="34" type="stmt"/>
        <line num="16" count="34" type="cond" truecount="1" falsecount="0"/>
        <line num="17" count="340" type="stmt"/>
        <line num="18" count="340" type="stmt"/>
        <line num="19" count="340" type="stmt"/>
        <line num="20" count="340" type="stmt"/>
        <line num="21" count="340" type="stmt"/>
        <line num="22" count="340" type="stmt"/>
        <line num="23" count="34" type="stmt"/>
        <line num="24" count="34" type="stmt"/>
        <line num="25" count="34" type="stmt"/>
        <line num="26" count="34" type="cond" truecount="1" falsecount="0"/>
        <line num="27" count="53" type="cond" truecount="1" falsecount="1"/>
        <line num="28" count="53" type="stmt"/>
        <line num="29" count="53" type="stmt"/>
        <line num="30" count="53" type="stmt"/>
        <line num="31" count="53" type="stmt"/>
        <line num="32" count="53" type="stmt"/>
        <line num="33" count="53" type="stmt"/>
      </file>
      <file name="index.tsx" path="D:\pet-projects\react-study\React-Q4\src\components\card-list\index.tsx">
        <metrics statements="21" coveredstatements="21" conditionals="1" coveredconditionals="1" methods="1" coveredmethods="1"/>
        <line num="1" count="1" type="stmt"/>
        <line num="2" count="1" type="stmt"/>
        <line num="3" count="1" type="stmt"/>
        <line num="4" count="1" type="stmt"/>
        <line num="5" count="1" type="stmt"/>
        <line num="6" count="1" type="stmt"/>
        <line num="7" count="1" type="stmt"/>
        <line num="8" count="1" type="stmt"/>
        <line num="9" count="1" type="stmt"/>
        <line num="10" count="1" type="stmt"/>
        <line num="11" count="1" type="stmt"/>
        <line num="12" count="1" type="cond" truecount="1" falsecount="0"/>
        <line num="13" count="53" type="stmt"/>
        <line num="14" count="53" type="stmt"/>
        <line num="15" count="53" type="stmt"/>
        <line num="16" count="53" type="stmt"/>
        <line num="17" count="53" type="stmt"/>
        <line num="18" count="53" type="stmt"/>
        <line num="19" count="53" type="stmt"/>
        <line num="20" count="53" type="stmt"/>
        <line num="21" count="53" type="stmt"/>
      </file>
    </package>
    <package name="components.footer">
      <metrics statements="7" coveredstatements="7" conditionals="1" coveredconditionals="1" methods="1" coveredmethods="1"/>
      <file name="index.tsx" path="D:\pet-projects\react-study\React-Q4\src\components\footer\index.tsx">
        <metrics statements="7" coveredstatements="7" conditionals="1" coveredconditionals="1" methods="1" coveredmethods="1"/>
        <line num="1" count="1" type="stmt"/>
        <line num="2" count="1" type="stmt"/>
        <line num="3" count="1" type="cond" truecount="1" falsecount="0"/>
        <line num="4" count="9" type="stmt"/>
        <line num="5" count="9" type="stmt"/>
        <line num="6" count="9" type="stmt"/>
        <line num="7" count="1" type="stmt"/>
      </file>
    </package>
    <package name="components.header">
      <metrics statements="9" coveredstatements="9" conditionals="1" coveredconditionals="1" methods="1" coveredmethods="1"/>
      <file name="index.tsx" path="D:\pet-projects\react-study\React-Q4\src\components\header\index.tsx">
        <metrics statements="9" coveredstatements="9" conditionals="1" coveredconditionals="1" methods="1" coveredmethods="1"/>
        <line num="1" count="1" type="stmt"/>
        <line num="2" count="1" type="stmt"/>
        <line num="3" count="1" type="cond" truecount="1" falsecount="0"/>
        <line num="4" count="9" type="stmt"/>
        <line num="5" count="9" type="stmt"/>
        <line num="6" count="9" type="stmt"/>
        <line num="7" count="9" type="stmt"/>
        <line num="8" count="9" type="stmt"/>
        <line num="9" count="1" type="stmt"/>
      </file>
    </package>
    <package name="components.layout">
      <metrics statements="16" coveredstatements="16" conditionals="1" coveredconditionals="1" methods="1" coveredmethods="1"/>
      <file name="index.tsx" path="D:\pet-projects\react-study\React-Q4\src\components\layout\index.tsx">
        <metrics statements="16" coveredstatements="16" conditionals="1" coveredconditionals="1" methods="1" coveredmethods="1"/>
        <line num="1" count="1" type="stmt"/>
        <line num="2" count="1" type="stmt"/>
        <line num="3" count="1" type="stmt"/>
        <line num="4" count="1" type="stmt"/>
        <line num="5" count="1" type="stmt"/>
        <line num="6" count="1" type="stmt"/>
        <line num="7" count="1" type="stmt"/>
        <line num="8" count="1" type="cond" truecount="1" falsecount="0"/>
        <line num="9" count="9" type="stmt"/>
        <line num="10" count="9" type="stmt"/>
        <line num="11" count="9" type="stmt"/>
        <line num="12" count="9" type="stmt"/>
        <line num="13" count="9" type="stmt"/>
        <line num="14" count="9" type="stmt"/>
        <line num="15" count="9" type="stmt"/>
        <line num="16" count="1" type="stmt"/>
      </file>
    </package>
    <package name="components.pagination">
      <metrics statements="126" coveredstatements="103" conditionals="17" coveredconditionals="12" methods="7" coveredmethods="5"/>
      <file name="changeStateBtnNextAndPrev.ts" path="D:\pet-projects\react-study\React-Q4\src\components\pagination\changeStateBtnNextAndPrev.ts">
        <metrics statements="22" coveredstatements="20" conditionals="3" coveredconditionals="2" methods="1" coveredmethods="1"/>
        <line num="1" count="1" type="stmt"/>
        <line num="2" count="1" type="stmt"/>
        <line num="3" count="1" type="stmt"/>
        <line num="4" count="1" type="stmt"/>
        <line num="5" count="1" type="stmt"/>
        <line num="6" count="1" type="cond" truecount="1" falsecount="0"/>
        <line num="7" count="2" type="stmt"/>
        <line num="8" count="2" type="stmt"/>
        <line num="9" count="2" type="stmt"/>
        <line num="10" count="2" type="stmt"/>
        <line num="11" count="2" type="stmt"/>
        <line num="12" count="2" type="stmt"/>
        <line num="13" count="2" type="stmt"/>
        <line num="14" count="2" type="cond" truecount="0" falsecount="1"/>
        <line num="15" count="0" type="stmt"/>
        <line num="16" count="0" type="stmt"/>
        <line num="17" count="2" type="cond" truecount="1" falsecount="0"/>
        <line num="18" count="1" type="stmt"/>
        <line num="19" count="1" type="stmt"/>
        <line num="20" count="2" type="stmt"/>
        <line num="21" count="2" type="stmt"/>
        <line num="22" count="2" type="stmt"/>
      </file>
      <file name="getInitialBtn.ts" path="D:\pet-projects\react-study\React-Q4\src\components\pagination\getInitialBtn.ts">
        <metrics statements="14" coveredstatements="6" conditionals="2" coveredconditionals="1" methods="1" coveredmethods="1"/>
        <line num="1" count="1" type="cond" truecount="1" falsecount="0"/>
        <line num="2" count="11" type="stmt"/>
        <line num="3" count="11" type="stmt"/>
        <line num="4" count="11" type="cond" truecount="0" falsecount="1"/>
        <line num="5" count="0" type="stmt"/>
        <line num="6" count="0" type="stmt"/>
        <line num="7" count="0" type="stmt"/>
        <line num="8" count="0" type="stmt"/>
        <line num="9" count="0" type="stmt"/>
        <line num="10" count="0" type="stmt"/>
        <line num="11" count="0" type="stmt"/>
        <line num="12" count="0" type="stmt"/>
        <line num="13" count="11" type="stmt"/>
        <line num="14" count="11" type="stmt"/>
      </file>
      <file name="index.tsx" path="D:\pet-projects\react-study\React-Q4\src\components\pagination\index.tsx">
        <metrics statements="90" coveredstatements="77" conditionals="12" coveredconditionals="9" methods="5" coveredmethods="3"/>
        <line num="1" count="1" type="stmt"/>
        <line num="2" count="1" type="stmt"/>
        <line num="3" count="1" type="stmt"/>
        <line num="4" count="1" type="stmt"/>
        <line num="5" count="1" type="stmt"/>
        <line num="6" count="1" type="stmt"/>
        <line num="7" count="1" type="stmt"/>
        <line num="8" count="1" type="stmt"/>
        <line num="9" count="1" type="stmt"/>
        <line num="10" count="1" type="stmt"/>
        <line num="11" count="1" type="stmt"/>
        <line num="12" count="1" type="stmt"/>
        <line num="13" count="1" type="stmt"/>
        <line num="14" count="1" type="stmt"/>
        <line num="15" count="1" type="stmt"/>
        <line num="16" count="1" type="stmt"/>
        <line num="17" count="1" type="stmt"/>
        <line num="18" count="1" type="stmt"/>
        <line num="19" count="1" type="stmt"/>
        <line num="20" count="1" type="stmt"/>
        <line num="21" count="1" type="cond" truecount="1" falsecount="0"/>
        <line num="22" count="51" type="cond" truecount="1" falsecount="0"/>
        <line num="23" count="51" type="stmt"/>
        <line num="24" count="51" type="stmt"/>
        <line num="25" count="51" type="stmt"/>
        <line num="26" count="51" type="stmt"/>
        <line num="27" count="51" type="cond" truecount="1" falsecount="0"/>
        <line num="28" count="1" type="cond" truecount="0" falsecount="1"/>
        <line num="29" count="0" type="stmt"/>
        <line num="30" count="0" type="stmt"/>
        <line num="31" count="0" type="stmt"/>
        <line num="32" count="1" type="cond" truecount="0" falsecount="1"/>
        <line num="33" count="0" type="stmt"/>
        <line num="34" count="0" type="stmt"/>
        <line num="35" count="0" type="stmt"/>
        <line num="36" count="1" type="cond" truecount="1" falsecount="0"/>
        <line num="37" count="1" type="stmt"/>
        <line num="38" count="1" type="stmt"/>
        <line num="39" count="1" type="stmt"/>
        <line num="40" count="51" type="stmt"/>
        <line num="41" count="51" type="cond" truecount="1" falsecount="0"/>
        <line num="42" count="1" type="cond" truecount="0" falsecount="1"/>
        <line num="43" count="0" type="stmt"/>
        <line num="44" count="0" type="stmt"/>
        <line num="45" count="0" type="stmt"/>
        <line num="46" count="1" type="cond" truecount="1" falsecount="0"/>
        <line num="47" count="1" type="stmt"/>
        <line num="48" count="1" type="stmt"/>
        <line num="49" count="1" type="stmt"/>
        <line num="50" count="51" type="stmt"/>
        <line num="51" count="51" type="stmt"/>
        <line num="52" count="0" type="stmt"/>
        <line num="53" count="0" type="stmt"/>
        <line num="54" count="0" type="stmt"/>
        <line num="55" count="0" type="stmt"/>
        <line num="56" count="51" type="stmt"/>
        <line num="57" count="51" type="stmt"/>
        <line num="58" count="51" type="stmt"/>
        <line num="59" count="51" type="stmt"/>
        <line num="60" count="51" type="stmt"/>
        <line num="61" count="51" type="stmt"/>
        <line num="62" count="51" type="stmt"/>
        <line num="63" count="51" type="stmt"/>
        <line num="64" count="51" type="stmt"/>
        <line num="65" count="51" type="stmt"/>
        <line num="66" count="51" type="stmt"/>
        <line num="67" count="51" type="cond" truecount="1" falsecount="0"/>
        <line num="68" count="153" type="stmt"/>
        <line num="69" count="153" type="stmt"/>
        <line num="70" count="153" type="cond" truecount="1" falsecount="0"/>
        <line num="71" count="51" type="cond" truecount="1" falsecount="0"/>
        <line num="72" count="102" type="stmt"/>
        <line num="73" count="153" type="stmt"/>
        <line num="74" count="153" type="stmt"/>
        <line num="75" count="153" type="stmt"/>
        <line num="76" count="153" type="stmt"/>
        <line num="77" count="153" type="stmt"/>
        <line num="78" count="153" type="stmt"/>
        <line num="79" count="51" type="stmt"/>
        <line num="80" count="51" type="stmt"/>
        <line num="81" count="51" type="stmt"/>
        <line num="82" count="51" type="stmt"/>
        <line num="83" count="51" type="stmt"/>
        <line num="84" count="51" type="stmt"/>
        <line num="85" count="51" type="stmt"/>
        <line num="86" count="51" type="stmt"/>
        <line num="87" count="51" type="stmt"/>
        <line num="88" count="51" type="stmt"/>
        <line num="89" count="51" type="stmt"/>
        <line num="90" count="51" type="stmt"/>
      </file>
    </package>
    <package name="components.search-part">
      <metrics statements="85" coveredstatements="79" conditionals="9" coveredconditionals="7" methods="6" coveredmethods="5"/>
      <file name="getAmountCards.ts" path="D:\pet-projects\react-study\React-Q4\src\components\search-part\getAmountCards.ts">
        <metrics statements="10" coveredstatements="10" conditionals="2" coveredconditionals="2" methods="1" coveredmethods="1"/>
        <line num="1" count="1" type="cond" truecount="1" falsecount="0"/>
        <line num="2" count="64" type="stmt"/>
        <line num="3" count="64" type="stmt"/>
        <line num="4" count="64" type="stmt"/>
        <line num="5" count="64" type="cond" truecount="1" falsecount="0"/>
        <line num="6" count="276" type="stmt"/>
        <line num="7" count="276" type="stmt"/>
        <line num="8" count="276" type="stmt"/>
        <line num="9" count="64" type="stmt"/>
        <line num="10" count="64" type="stmt"/>
      </file>
      <file name="index.tsx" path="D:\pet-projects\react-study\React-Q4\src\components\search-part\index.tsx">
        <metrics statements="75" coveredstatements="69" conditionals="7" coveredconditionals="5" methods="5" coveredmethods="4"/>
        <line num="1" count="1" type="stmt"/>
        <line num="2" count="1" type="stmt"/>
        <line num="3" count="1" type="stmt"/>
        <line num="4" count="1" type="stmt"/>
        <line num="5" count="1" type="stmt"/>
        <line num="6" count="1" type="stmt"/>
        <line num="7" count="1" type="stmt"/>
        <line num="8" count="1" type="stmt"/>
        <line num="9" count="1" type="stmt"/>
        <line num="10" count="1" type="stmt"/>
        <line num="11" count="1" type="stmt"/>
        <line num="12" count="1" type="stmt"/>
        <line num="13" count="1" type="stmt"/>
        <line num="14" count="1" type="stmt"/>
        <line num="15" count="1" type="stmt"/>
        <line num="16" count="1" type="stmt"/>
        <line num="17" count="1" type="stmt"/>
        <line num="18" count="1" type="stmt"/>
        <line num="19" count="1" type="cond" truecount="1" falsecount="0"/>
        <line num="20" count="64" type="stmt"/>
        <line num="21" count="64" type="stmt"/>
        <line num="22" count="64" type="stmt"/>
        <line num="23" count="64" type="stmt"/>
        <line num="24" count="64" type="cond" truecount="0" falsecount="1"/>
        <line num="25" count="0" type="stmt"/>
        <line num="26" count="0" type="stmt"/>
        <line num="27" count="64" type="stmt"/>
        <line num="28" count="64" type="cond" truecount="1" falsecount="0"/>
        <line num="29" count="13" type="stmt"/>
        <line num="30" count="13" type="stmt"/>
        <line num="31" count="64" type="stmt"/>
        <line num="32" count="64" type="cond" truecount="1" falsecount="0"/>
        <line num="33" count="2" type="stmt"/>
        <line num="34" count="2" type="stmt"/>
        <line num="35" count="64" type="stmt"/>
        <line num="36" count="64" type="stmt"/>
        <line num="37" count="0" type="stmt"/>
        <line num="38" count="0" type="stmt"/>
        <line num="39" count="64" type="stmt"/>
        <line num="40" count="64" type="cond" truecount="1" falsecount="0"/>
        <line num="41" count="13" type="cond" truecount="0" falsecount="1"/>
        <line num="42" count="0" type="stmt"/>
        <line num="43" count="0" type="stmt"/>
        <line num="44" count="13" type="stmt"/>
        <line num="45" count="64" type="stmt"/>
        <line num="46" count="64" type="stmt"/>
        <line num="47" count="64" type="stmt"/>
        <line num="48" count="64" type="stmt"/>
        <line num="49" count="64" type="stmt"/>
        <line num="50" count="64" type="stmt"/>
        <line num="51" count="64" type="stmt"/>
        <line num="52" count="64" type="stmt"/>
        <line num="53" count="64" type="stmt"/>
        <line num="54" count="64" type="stmt"/>
        <line num="55" count="64" type="stmt"/>
        <line num="56" count="64" type="stmt"/>
        <line num="57" count="64" type="stmt"/>
        <line num="58" count="64" type="stmt"/>
        <line num="59" count="64" type="stmt"/>
        <line num="60" count="64" type="stmt"/>
        <line num="61" count="64" type="stmt"/>
        <line num="62" count="64" type="stmt"/>
        <line num="63" count="64" type="stmt"/>
        <line num="64" count="64" type="stmt"/>
        <line num="65" count="64" type="stmt"/>
        <line num="66" count="64" type="stmt"/>
        <line num="67" count="64" type="cond" truecount="1" falsecount="0"/>
        <line num="68" count="276" type="stmt"/>
        <line num="69" count="276" type="stmt"/>
        <line num="70" count="276" type="stmt"/>
        <line num="71" count="64" type="stmt"/>
        <line num="72" count="64" type="stmt"/>
        <line num="73" count="64" type="stmt"/>
        <line num="74" count="64" type="stmt"/>
        <line num="75" count="64" type="stmt"/>
      </file>
    </package>
    <package name="helpers">
      <metrics statements="1" coveredstatements="1" conditionals="1" coveredconditionals="1" methods="1" coveredmethods="1"/>
      <file name="prepareValueRequest.ts" path="D:\pet-projects\react-study\React-Q4\src\helpers\prepareValueRequest.ts">
        <metrics statements="1" coveredstatements="1" conditionals="1" coveredconditionals="1" methods="1" coveredmethods="1"/>
        <line num="1" count="1" type="cond" truecount="1" falsecount="0"/>
      </file>
    </package>
    <package name="pages.detail-page">
      <metrics statements="69" coveredstatements="69" conditionals="6" coveredconditionals="6" methods="5" coveredmethods="3"/>
      <file name="index.tsx" path="D:\pet-projects\react-study\React-Q4\src\pages\detail-page\index.tsx">
        <metrics statements="69" coveredstatements="69" conditionals="6" coveredconditionals="6" methods="5" coveredmethods="3"/>
        <line num="1" count="1" type="stmt"/>
        <line num="2" count="1" type="stmt"/>
        <line num="3" count="1" type="stmt"/>
        <line num="4" count="1" type="stmt"/>
        <line num="5" count="1" type="stmt"/>
        <line num="6" count="1" type="stmt"/>
        <line num="7" count="1" type="stmt"/>
        <line num="8" count="1" type="stmt"/>
        <line num="9" count="1" type="stmt"/>
        <line num="10" count="1" type="stmt"/>
        <line num="11" count="1" type="stmt"/>
        <line num="12" count="1" type="stmt"/>
        <line num="13" count="1" type="stmt"/>
        <line num="14" count="1" type="stmt"/>
        <line num="15" count="1" type="stmt"/>
        <line num="16" count="1" type="stmt"/>
        <line num="17" count="1" type="stmt"/>
        <line num="18" count="1" type="stmt"/>
        <line num="19" count="1" type="stmt"/>
        <line num="20" count="1" type="stmt"/>
        <line num="21" count="1" type="stmt"/>
        <line num="22" count="1" type="stmt"/>
        <line num="23" count="1" type="stmt"/>
        <line num="24" count="1" type="cond" truecount="1" falsecount="0"/>
        <line num="25" count="15" type="stmt"/>
        <line num="26" count="15" type="stmt"/>
        <line num="27" count="15" type="stmt"/>
        <line num="28" count="15" type="stmt"/>
        <line num="29" count="15" type="stmt"/>
        <line num="30" count="15" type="stmt"/>
        <line num="31" count="15" type="stmt"/>
        <line num="32" count="15" type="cond" truecount="1" falsecount="0"/>
        <line num="33" count="5" type="stmt"/>
        <line num="34" count="5" type="stmt"/>
        <line num="35" count="5" type="cond" truecount="1" falsecount="0"/>
        <line num="36" count="5" type="stmt"/>
        <line num="37" count="5" type="stmt"/>
        <line num="38" count="5" type="stmt"/>
        <line num="39" count="15" type="stmt"/>
        <line num="40" count="15" type="stmt"/>
        <line num="41" count="15" type="cond" truecount="1" falsecount="0"/>
        <line num="42" count="1" type="stmt"/>
        <line num="43" count="1" type="stmt"/>
        <line num="44" count="1" type="stmt"/>
        <line num="45" count="15" type="stmt"/>
        <line num="46" count="15" type="cond" truecount="1" falsecount="0"/>
        <line num="47" count="1" type="stmt"/>
        <line num="48" count="1" type="stmt"/>
        <line num="49" count="15" type="stmt"/>
        <line num="50" count="15" type="stmt"/>
        <line num="51" count="15" type="stmt"/>
        <line num="52" count="15" type="stmt"/>
        <line num="53" count="15" type="stmt"/>
        <line num="54" count="15" type="stmt"/>
        <line num="55" count="15" type="stmt"/>
        <line num="56" count="15" type="stmt"/>
        <line num="57" count="15" type="stmt"/>
        <line num="58" count="15" type="stmt"/>
        <line num="59" count="15" type="stmt"/>
        <line num="60" count="15" type="stmt"/>
        <line num="61" count="15" type="stmt"/>
        <line num="62" count="15" type="stmt"/>
        <line num="63" count="15" type="stmt"/>
        <line num="64" count="15" type="stmt"/>
        <line num="65" count="15" type="cond" truecount="1" falsecount="0"/>
        <line num="66" count="15" type="stmt"/>
        <line num="67" count="15" type="stmt"/>
        <line num="68" count="15" type="stmt"/>
        <line num="69" count="15" type="stmt"/>
      </file>
    </package>
    <package name="pages.main-page">
      <metrics statements="153" coveredstatements="134" conditionals="14" coveredconditionals="13" methods="6" coveredmethods="5"/>
      <file name="getIdCard.ts" path="D:\pet-projects\react-study\React-Q4\src\pages\main-page\getIdCard.ts">
        <metrics statements="5" coveredstatements="5" conditionals="1" coveredconditionals="1" methods="1" coveredmethods="1"/>
        <line num="1" count="1" type="cond" truecount="1" falsecount="0"/>
        <line num="2" count="340" type="stmt"/>
        <line num="3" count="340" type="stmt"/>
        <line num="4" count="340" type="stmt"/>
        <line num="5" count="340" type="stmt"/>
      </file>
      <file name="index.tsx" path="D:\pet-projects\react-study\React-Q4\src\pages\main-page\index.tsx">
        <metrics statements="148" coveredstatements="129" conditionals="13" coveredconditionals="12" methods="5" coveredmethods="4"/>
        <line num="1" count="1" type="stmt"/>
        <line num="2" count="1" type="stmt"/>
        <line num="3" count="1" type="stmt"/>
        <line num="4" count="1" type="stmt"/>
        <line num="5" count="1" type="stmt"/>
        <line num="6" count="1" type="stmt"/>
        <line num="7" count="1" type="stmt"/>
        <line num="8" count="1" type="stmt"/>
        <line num="9" count="1" type="stmt"/>
        <line num="10" count="1" type="stmt"/>
        <line num="11" count="1" type="stmt"/>
        <line num="12" count="1" type="stmt"/>
        <line num="13" count="1" type="stmt"/>
        <line num="14" count="1" type="stmt"/>
        <line num="15" count="1" type="stmt"/>
        <line num="16" count="1" type="stmt"/>
        <line num="17" count="1" type="stmt"/>
        <line num="18" count="1" type="stmt"/>
        <line num="19" count="1" type="stmt"/>
        <line num="20" count="1" type="stmt"/>
        <line num="21" count="1" type="cond" truecount="1" falsecount="0"/>
        <line num="22" count="51" type="stmt"/>
        <line num="23" count="51" type="stmt"/>
        <line num="24" count="51" type="stmt"/>
        <line num="25" count="51" type="stmt"/>
        <line num="26" count="51" type="stmt"/>
        <line num="27" count="51" type="stmt"/>
        <line num="28" count="51" type="stmt"/>
        <line num="29" count="51" type="stmt"/>
        <line num="30" count="51" type="stmt"/>
        <line num="31" count="51" type="stmt"/>
        <line num="32" count="51" type="cond" truecount="0" falsecount="1"/>
        <line num="33" count="0" type="stmt"/>
        <line num="34" count="0" type="stmt"/>
        <line num="35" count="51" type="stmt"/>
        <line num="36" count="51" type="stmt"/>
        <line num="37" count="51" type="stmt"/>
        <line num="38" count="51" type="cond" truecount="1" falsecount="0"/>
        <line num="39" count="9" type="cond" truecount="1" falsecount="0"/>
        <line num="40" count="9" type="cond" truecount="1" falsecount="0"/>
        <line num="41" count="9" type="stmt"/>
        <line num="42" count="9" type="stmt"/>
        <line num="43" count="9" type="stmt"/>
        <line num="44" count="9" type="stmt"/>
        <line num="45" count="9" type="stmt"/>
        <line num="46" count="9" type="stmt"/>
        <line num="47" count="9" type="stmt"/>
        <line num="48" count="9" type="stmt"/>
        <line num="49" count="9" type="stmt"/>
        <line num="50" count="9" type="stmt"/>
        <line num="51" count="51" type="stmt"/>
        <line num="52" count="51" type="stmt"/>
        <line num="53" count="51" type="cond" truecount="1" falsecount="0"/>
        <line num="54" count="2" type="stmt"/>
        <line num="55" count="2" type="stmt"/>
        <line num="56" count="2" type="stmt"/>
        <line num="57" count="2" type="stmt"/>
        <line num="58" count="2" type="stmt"/>
        <line num="59" count="2" type="stmt"/>
        <line num="60" count="2" type="stmt"/>
        <line num="61" count="2" type="stmt"/>
        <line num="62" count="2" type="stmt"/>
        <line num="63" count="2" type="stmt"/>
        <line num="64" count="2" type="stmt"/>
        <line num="65" count="2" type="stmt"/>
        <line num="66" count="2" type="stmt"/>
        <line num="67" count="2" type="stmt"/>
        <line num="68" count="2" type="stmt"/>
        <line num="69" count="51" type="stmt"/>
        <line num="70" count="51" type="stmt"/>
        <line num="71" count="0" type="stmt"/>
        <line num="72" count="0" type="stmt"/>
        <line num="73" count="0" type="stmt"/>
        <line num="74" count="0" type="stmt"/>
        <line num="75" count="0" type="stmt"/>
        <line num="76" count="0" type="stmt"/>
        <line num="77" count="0" type="stmt"/>
        <line num="78" count="0" type="stmt"/>
        <line num="79" count="0" type="stmt"/>
        <line num="80" count="0" type="stmt"/>
        <line num="81" count="0" type="stmt"/>
        <line num="82" count="0" type="stmt"/>
        <line num="83" count="0" type="stmt"/>
        <line num="84" count="0" type="stmt"/>
        <line num="85" count="0" type="stmt"/>
        <line num="86" count="0" type="stmt"/>
        <line num="87" count="0" type="stmt"/>
        <line num="88" count="51" type="stmt"/>
        <line num="89" count="51" type="cond" truecount="1" falsecount="0"/>
        <line num="90" count="2" type="stmt"/>
        <line num="91" count="2" type="stmt"/>
        <line num="92" count="2" type="stmt"/>
        <line num="93" count="2" type="stmt"/>
        <line num="94" count="2" type="stmt"/>
        <line num="95" count="2" type="stmt"/>
        <line num="96" count="2" type="stmt"/>
        <line num="97" count="2" type="stmt"/>
        <line num="98" count="2" type="stmt"/>
        <line num="99" count="2" type="stmt"/>
        <line num="100" count="2" type="stmt"/>
        <line num="101" count="2" type="stmt"/>
        <line num="102" count="2" type="stmt"/>
        <line num="103" count="2" type="stmt"/>
        <line num="104" count="2" type="stmt"/>
        <line num="105" count="51" type="stmt"/>
        <line num="106" count="51" type="cond" truecount="1" falsecount="0"/>
        <line num="107" count="5" type="stmt"/>
        <line num="108" count="5" type="stmt"/>
        <line num="109" count="5" type="stmt"/>
        <line num="110" count="51" type="stmt"/>
        <line num="111" count="51" type="stmt"/>
        <line num="112" count="51" type="cond" truecount="2" falsecount="0"/>
        <line num="113" count="51" type="stmt"/>
        <line num="114" count="51" type="stmt"/>
        <line num="115" count="51" type="stmt"/>
        <line num="116" count="51" type="cond" truecount="1" falsecount="0"/>
        <line num="117" count="51" type="stmt"/>
        <line num="118" count="51" type="stmt"/>
        <line num="119" count="51" type="stmt"/>
        <line num="120" count="51" type="stmt"/>
        <line num="121" count="51" type="stmt"/>
        <line num="122" count="51" type="stmt"/>
        <line num="123" count="51" type="stmt"/>
        <line num="124" count="51" type="stmt"/>
        <line num="125" count="51" type="stmt"/>
        <line num="126" count="51" type="stmt"/>
        <line num="127" count="51" type="stmt"/>
        <line num="128" count="51" type="stmt"/>
        <line num="129" count="51" type="stmt"/>
        <line num="130" count="51" type="stmt"/>
        <line num="131" count="51" type="stmt"/>
        <line num="132" count="51" type="stmt"/>
        <line num="133" count="51" type="stmt"/>
        <line num="134" count="51" type="cond" truecount="1" falsecount="0"/>
        <line num="135" count="15" type="stmt"/>
        <line num="136" count="15" type="stmt"/>
        <line num="137" count="15" type="cond" truecount="1" falsecount="0"/>
        <line num="138" count="15" type="stmt"/>
        <line num="139" count="15" type="stmt"/>
        <line num="140" count="15" type="stmt"/>
        <line num="141" count="15" type="stmt"/>
        <line num="142" count="15" type="stmt"/>
        <line num="143" count="15" type="stmt"/>
        <line num="144" count="15" type="stmt"/>
        <line num="145" count="51" type="stmt"/>
        <line num="146" count="51" type="stmt"/>
        <line num="147" count="51" type="stmt"/>
        <line num="148" count="51" type="stmt"/>
      </file>
    </package>
    <package name="pages.not-found">
      <metrics statements="7" coveredstatements="7" conditionals="1" coveredconditionals="1" methods="1" coveredmethods="1"/>
      <file name="index.tsx" path="D:\pet-projects\react-study\React-Q4\src\pages\not-found\index.tsx">
        <metrics statements="7" coveredstatements="7" conditionals="1" coveredconditionals="1" methods="1" coveredmethods="1"/>
        <line num="1" count="1" type="stmt"/>
        <line num="2" count="1" type="stmt"/>
        <line num="3" count="1" type="cond" truecount="1" falsecount="0"/>
        <line num="4" count="1" type="stmt"/>
        <line num="5" count="1" type="stmt"/>
        <line num="6" count="1" type="stmt"/>
        <line num="7" count="1" type="stmt"/>
      </file>
    </package>
    <package name="service">
      <metrics statements="131" coveredstatements="97" conditionals="18" coveredconditionals="11" methods="8" coveredmethods="8"/>
      <file name="api.ts" path="D:\pet-projects\react-study\React-Q4\src\service\api.ts">
        <metrics statements="2" coveredstatements="2" conditionals="0" coveredconditionals="0" methods="0" coveredmethods="0"/>
        <line num="1" count="1" type="stmt"/>
        <line num="2" count="1" type="stmt"/>
      </file>
      <file name="getPlanetById.ts" path="D:\pet-projects\react-study\React-Q4\src\service\getPlanetById.ts">
        <metrics statements="13" coveredstatements="11" conditionals="2" coveredconditionals="1" methods="1" coveredmethods="1"/>
        <line num="1" count="1" type="stmt"/>
        <line num="2" count="1" type="stmt"/>
        <line num="3" count="1" type="stmt"/>
        <line num="4" count="1" type="stmt"/>
        <line num="5" count="1" type="cond" truecount="1" falsecount="0"/>
        <line num="6" count="5" type="stmt"/>
        <line num="7" count="5" type="stmt"/>
        <line num="8" count="5" type="stmt"/>
        <line num="9" count="5" type="stmt"/>
        <line num="10" count="5" type="stmt"/>
        <line num="11" count="5" type="cond" truecount="0" falsecount="1"/>
        <line num="12" count="0" type="stmt"/>
        <line num="13" count="0" type="stmt"/>
      </file>
      <file name="getPlanets.ts" path="D:\pet-projects\react-study\React-Q4\src\service\getPlanets.ts">
        <metrics statements="13" coveredstatements="11" conditionals="4" coveredconditionals="3" methods="1" coveredmethods="1"/>
        <line num="1" count="1" type="stmt"/>
        <line num="2" count="1" type="stmt"/>
        <line num="3" count="1" type="stmt"/>
        <line num="4" count="1" type="stmt"/>
        <line num="5" count="1" type="cond" truecount="1" falsecount="0"/>
        <line num="6" count="13" type="cond" truecount="2" falsecount="0"/>
        <line num="7" count="13" type="stmt"/>
        <line num="8" count="13" type="stmt"/>
        <line num="9" count="13" type="stmt"/>
        <line num="10" count="13" type="stmt"/>
        <line num="11" count="13" type="cond" truecount="0" falsecount="1"/>
        <line num="12" count="0" type="stmt"/>
        <line num="13" count="0" type="stmt"/>
      </file>
      <file name="getUpdateParams.ts" path="D:\pet-projects\react-study\React-Q4\src\service\getUpdateParams.ts">
        <metrics statements="7" coveredstatements="7" conditionals="1" coveredconditionals="1" methods="1" coveredmethods="1"/>
        <line num="1" count="1" type="cond" truecount="1" falsecount="0"/>
        <line num="2" count="18" type="stmt"/>
        <line num="3" count="18" type="stmt"/>
        <line num="4" count="18" type="stmt"/>
        <line num="5" count="18" type="stmt"/>
        <line num="6" count="18" type="stmt"/>
        <line num="7" count="18" type="stmt"/>
      </file>
      <file name="localStorageApi.ts" path="D:\pet-projects\react-study\React-Q4\src\service\localStorageApi.ts">
        <metrics statements="5" coveredstatements="5" conditionals="3" coveredconditionals="3" methods="2" coveredmethods="2"/>
        <line num="1" count="1" type="stmt"/>
        <line num="2" count="1" type="stmt"/>
        <line num="3" count="1" type="cond" truecount="2" falsecount="0"/>
        <line num="4" count="1" type="stmt"/>
        <line num="5" count="1" type="cond" truecount="1" falsecount="0"/>
      </file>
      <file name="requestDefaultElem.ts" path="D:\pet-projects\react-study\React-Q4\src\service\requestDefaultElem.ts">
        <metrics statements="30" coveredstatements="10" conditionals="2" coveredconditionals="1" methods="1" coveredmethods="1"/>
        <line num="1" count="1" type="stmt"/>
        <line num="2" count="1" type="stmt"/>
        <line num="3" count="1" type="stmt"/>
        <line num="4" count="1" type="stmt"/>
        <line num="5" count="1" type="cond" truecount="1" falsecount="0"/>
        <line num="6" count="13" type="stmt"/>
        <line num="7" count="13" type="stmt"/>
        <line num="8" count="13" type="stmt"/>
        <line num="9" count="13" type="stmt"/>
        <line num="10" count="13" type="cond" truecount="0" falsecount="1"/>
        <line num="11" count="0" type="stmt"/>
        <line num="12" count="0" type="stmt"/>
        <line num="13" count="0" type="stmt"/>
        <line num="14" count="0" type="stmt"/>
        <line num="15" count="0" type="stmt"/>
        <line num="16" count="0" type="stmt"/>
        <line num="17" count="0" type="stmt"/>
        <line num="18" count="0" type="stmt"/>
        <line num="19" count="0" type="stmt"/>
        <line num="20" count="0" type="stmt"/>
        <line num="21" count="0" type="stmt"/>
        <line num="22" count="0" type="stmt"/>
        <line num="23" count="0" type="stmt"/>
        <line num="24" count="0" type="stmt"/>
        <line num="25" count="0" type="stmt"/>
        <line num="26" count="0" type="stmt"/>
        <line num="27" count="0" type="stmt"/>
        <line num="28" count="0" type="stmt"/>
        <line num="29" count="0" type="stmt"/>
        <line num="30" count="0" type="stmt"/>
      </file>
      <file name="requestPlanet.ts" path="D:\pet-projects\react-study\React-Q4\src\service\requestPlanet.ts">
        <metrics statements="36" coveredstatements="31" conditionals="3" coveredconditionals="1" methods="1" coveredmethods="1"/>
        <line num="1" count="1" type="stmt"/>
        <line num="2" count="1" type="stmt"/>
        <line num="3" count="1" type="stmt"/>
        <line num="4" count="1" type="stmt"/>
        <line num="5" count="1" type="stmt"/>
        <line num="6" count="1" type="stmt"/>
        <line num="7" count="1" type="stmt"/>
        <line num="8" count="1" type="cond" truecount="1" falsecount="0"/>
        <line num="9" count="13" type="stmt"/>
        <line num="10" count="13" type="stmt"/>
        <line num="11" count="13" type="stmt"/>
        <line num="12" count="13" type="stmt"/>
        <line num="13" count="13" type="stmt"/>
        <line num="14" count="13" type="stmt"/>
        <line num="15" count="13" type="stmt"/>
        <line num="16" count="13" type="stmt"/>
        <line num="17" count="13" type="stmt"/>
        <line num="18" count="13" type="stmt"/>
        <line num="19" count="13" type="stmt"/>
        <line num="20" count="13" type="stmt"/>
        <line num="21" count="13" type="stmt"/>
        <line num="22" count="13" type="stmt"/>
        <line num="23" count="13" type="stmt"/>
        <line num="24" count="13" type="stmt"/>
        <line num="25" count="13" type="stmt"/>
        <line num="26" count="13" type="stmt"/>
        <line num="27" count="13" type="stmt"/>
        <line num="28" count="13" type="cond" truecount="0" falsecount="1"/>
        <line num="29" count="0" type="stmt"/>
        <line num="30" count="0" type="stmt"/>
        <line num="31" count="13" type="stmt"/>
        <line num="32" count="13" type="cond" truecount="0" falsecount="1"/>
        <line num="33" count="0" type="stmt"/>
        <line num="34" count="0" type="stmt"/>
        <line num="35" count="0" type="stmt"/>
        <line num="36" count="13" type="stmt"/>
      </file>
      <file name="requestPlanetById.ts" path="D:\pet-projects\react-study\React-Q4\src\service\requestPlanetById.ts">
        <metrics statements="25" coveredstatements="20" conditionals="3" coveredconditionals="1" methods="1" coveredmethods="1"/>
        <line num="1" count="1" type="stmt"/>
        <line num="2" count="1" type="stmt"/>
        <line num="3" count="1" type="stmt"/>
        <line num="4" count="1" type="stmt"/>
        <line num="5" count="1" type="stmt"/>
        <line num="6" count="1" type="cond" truecount="1" falsecount="0"/>
        <line num="7" count="5" type="stmt"/>
        <line num="8" count="5" type="stmt"/>
        <line num="9" count="5" type="stmt"/>
        <line num="10" count="5" type="stmt"/>
        <line num="11" count="5" type="stmt"/>
        <line num="12" count="5" type="stmt"/>
        <line num="13" count="5" type="stmt"/>
        <line num="14" count="5" type="stmt"/>
        <line num="15" count="5" type="stmt"/>
        <line num="16" count="5" type="stmt"/>
        <line num="17" count="5" type="cond" truecount="0" falsecount="1"/>
        <line num="18" count="0" type="stmt"/>
        <line num="19" count="0" type="stmt"/>
        <line num="20" count="5" type="stmt"/>
        <line num="21" count="5" type="cond" truecount="0" falsecount="1"/>
        <line num="22" count="0" type="stmt"/>
        <line num="23" count="0" type="stmt"/>
        <line num="24" count="0" type="stmt"/>
        <line num="25" count="5" type="stmt"/>
      </file>
    </package>
    <package name="storage">
      <metrics statements="71" coveredstatements="71" conditionals="9" coveredconditionals="9" methods="8" coveredmethods="5"/>
      <file name="api-context.tsx" path="D:\pet-projects\react-study\React-Q4\src\storage\api-context.tsx">
        <metrics statements="37" coveredstatements="37" conditionals="3" coveredconditionals="3" methods="3" coveredmethods="1"/>
        <line num="1" count="1" type="stmt"/>
        <line num="2" count="1" type="stmt"/>
        <line num="3" count="1" type="stmt"/>
        <line num="4" count="1" type="stmt"/>
        <line num="5" count="1" type="stmt"/>
        <line num="6" count="1" type="stmt"/>
        <line num="7" count="1" type="stmt"/>
        <line num="8" count="1" type="stmt"/>
        <line num="9" count="1" type="stmt"/>
        <line num="10" count="1" type="stmt"/>
        <line num="11" count="1" type="stmt"/>
        <line num="12" count="1" type="stmt"/>
        <line num="13" count="1" type="stmt"/>
        <line num="14" count="1" type="stmt"/>
        <line num="15" count="1" type="stmt"/>
        <line num="16" count="1" type="stmt"/>
        <line num="17" count="1" type="stmt"/>
        <line num="18" count="1" type="stmt"/>
        <line num="19" count="1" type="stmt"/>
        <line num="20" count="1" type="stmt"/>
        <line num="21" count="1" type="stmt"/>
        <line num="22" count="1" type="stmt"/>
        <line num="23" count="1" type="stmt"/>
        <line num="24" count="1" type="cond" truecount="1" falsecount="0"/>
        <line num="25" count="24" type="stmt"/>
        <line num="26" count="24" type="stmt"/>
        <line num="27" count="24" type="cond" truecount="1" falsecount="0"/>
        <line num="28" count="24" type="cond" truecount="1" falsecount="0"/>
        <line num="29" count="24" type="stmt"/>
        <line num="30" count="24" type="stmt"/>
        <line num="31" count="24" type="stmt"/>
        <line num="32" count="24" type="stmt"/>
        <line num="33" count="24" type="stmt"/>
        <line num="34" count="24" type="stmt"/>
        <line num="35" count="24" type="stmt"/>
        <line num="36" count="24" type="stmt"/>
        <line num="37" count="24" type="stmt"/>
      </file>
      <file name="hooks.ts" path="D:\pet-projects\react-study\React-Q4\src\storage\hooks.ts">
        <metrics statements="11" coveredstatements="11" conditionals="3" coveredconditionals="3" methods="3" coveredmethods="3"/>
        <line num="1" count="1" type="stmt"/>
        <line num="2" count="1" type="stmt"/>
        <line num="3" count="1" type="stmt"/>
        <line num="4" count="1" type="stmt"/>
        <line num="5" count="1" type="stmt"/>
        <line num="6" count="1" type="stmt"/>
        <line num="7" count="1" type="cond" truecount="1" falsecount="0"/>
        <line num="8" count="1" type="stmt"/>
        <line num="9" count="1" type="cond" truecount="1" falsecount="0"/>
        <line num="10" count="1" type="stmt"/>
        <line num="11" count="1" type="cond" truecount="1" falsecount="0"/>
      </file>
      <file name="search-context.tsx" path="D:\pet-projects\react-study\React-Q4\src\storage\search-context.tsx">
        <metrics statements="23" coveredstatements="23" conditionals="3" coveredconditionals="3" methods="2" coveredmethods="1"/>
        <line num="1" count="1" type="stmt"/>
        <line num="2" count="1" type="stmt"/>
        <line num="3" count="1" type="stmt"/>
        <line num="4" count="1" type="stmt"/>
        <line num="5" count="1" type="stmt"/>
        <line num="6" count="1" type="stmt"/>
        <line num="7" count="1" type="stmt"/>
        <line num="8" count="1" type="stmt"/>
        <line num="9" count="1" type="stmt"/>
        <line num="10" count="1" type="stmt"/>
        <line num="11" count="1" type="stmt"/>
        <line num="12" count="1" type="stmt"/>
        <line num="13" count="1" type="stmt"/>
        <line num="14" count="1" type="cond" truecount="1" falsecount="0"/>
        <line num="15" count="64" type="cond" truecount="1" falsecount="0"/>
        <line num="16" count="64" type="cond" truecount="1" falsecount="0"/>
        <line num="17" count="64" type="stmt"/>
        <line num="18" count="64" type="stmt"/>
        <line num="19" count="64" type="stmt"/>
        <line num="20" count="64" type="stmt"/>
        <line num="21" count="64" type="stmt"/>
        <line num="22" count="64" type="stmt"/>
        <line num="23" count="64" type="stmt"/>
      </file>
    </package>
    <package name="test">
      <metrics statements="222" coveredstatements="203" conditionals="15" coveredconditionals="15" methods="11" coveredmethods="8"/>
      <file name="mocks.tsx" path="D:\pet-projects\react-study\React-Q4\src\test\mocks.tsx">
        <metrics statements="222" coveredstatements="203" conditionals="15" coveredconditionals="15" methods="11" coveredmethods="8"/>
        <line num="1" count="1" type="stmt"/>
        <line num="2" count="1" type="stmt"/>
        <line num="3" count="1" type="stmt"/>
        <line num="4" count="1" type="stmt"/>
        <line num="5" count="1" type="stmt"/>
        <line num="6" count="1" type="stmt"/>
        <line num="7" count="1" type="stmt"/>
        <line num="8" count="1" type="stmt"/>
        <line num="9" count="1" type="stmt"/>
        <line num="10" count="1" type="stmt"/>
        <line num="11" count="1" type="stmt"/>
        <line num="12" count="1" type="stmt"/>
        <line num="13" count="1" type="stmt"/>
        <line num="14" count="1" type="stmt"/>
        <line num="15" count="1" type="stmt"/>
        <line num="16" count="1" type="stmt"/>
        <line num="17" count="1" type="stmt"/>
        <line num="18" count="1" type="stmt"/>
        <line num="19" count="1" type="stmt"/>
        <line num="20" count="1" type="stmt"/>
        <line num="21" count="1" type="stmt"/>
        <line num="22" count="1" type="stmt"/>
        <line num="23" count="1" type="stmt"/>
        <line num="24" count="1" type="stmt"/>
        <line num="25" count="1" type="stmt"/>
        <line num="26" count="1" type="stmt"/>
        <line num="27" count="1" type="stmt"/>
        <line num="28" count="1" type="stmt"/>
        <line num="29" count="1" type="stmt"/>
        <line num="30" count="1" type="stmt"/>
        <line num="31" count="1" type="stmt"/>
        <line num="32" count="1" type="stmt"/>
        <line num="33" count="1" type="stmt"/>
        <line num="34" count="1" type="stmt"/>
        <line num="35" count="1" type="stmt"/>
        <line num="36" count="1" type="stmt"/>
        <line num="37" count="1" type="stmt"/>
        <line num="38" count="1" type="stmt"/>
        <line num="39" count="1" type="stmt"/>
        <line num="40" count="1" type="stmt"/>
        <line num="41" count="1" type="stmt"/>
        <line num="42" count="1" type="stmt"/>
        <line num="43" count="1" type="stmt"/>
        <line num="44" count="1" type="stmt"/>
        <line num="45" count="1" type="stmt"/>
        <line num="46" count="1" type="stmt"/>
        <line num="47" count="1" type="stmt"/>
        <line num="48" count="1" type="stmt"/>
        <line num="49" count="1" type="stmt"/>
        <line num="50" count="1" type="stmt"/>
        <line num="51" count="1" type="stmt"/>
        <line num="52" count="1" type="stmt"/>
        <line num="53" count="1" type="stmt"/>
        <line num="54" count="1" type="stmt"/>
        <line num="55" count="1" type="stmt"/>
        <line num="56" count="1" type="stmt"/>
        <line num="57" count="1" type="stmt"/>
        <line num="58" count="1" type="stmt"/>
        <line num="59" count="1" type="stmt"/>
        <line num="60" count="1" type="stmt"/>
        <line num="61" count="1" type="stmt"/>
        <line num="62" count="1" type="stmt"/>
        <line num="63" count="1" type="stmt"/>
        <line num="64" count="1" type="stmt"/>
        <line num="65" count="1" type="stmt"/>
        <line num="66" count="1" type="stmt"/>
        <line num="67" count="1" type="stmt"/>
        <line num="68" count="1" type="stmt"/>
        <line num="69" count="1" type="stmt"/>
        <line num="70" count="1" type="stmt"/>
        <line num="71" count="1" type="stmt"/>
        <line num="72" count="1" type="stmt"/>
        <line num="73" count="1" type="stmt"/>
        <line num="74" count="1" type="stmt"/>
        <line num="75" count="1" type="stmt"/>
        <line num="76" count="1" type="stmt"/>
        <line num="77" count="1" type="stmt"/>
        <line num="78" count="1" type="stmt"/>
        <line num="79" count="1" type="stmt"/>
        <line num="80" count="1" type="stmt"/>
        <line num="81" count="1" type="stmt"/>
        <line num="82" count="1" type="stmt"/>
        <line num="83" count="1" type="stmt"/>
        <line num="84" count="1" type="stmt"/>
        <line num="85" count="1" type="stmt"/>
        <line num="86" count="1" type="stmt"/>
        <line num="87" count="1" type="stmt"/>
        <line num="88" count="1" type="stmt"/>
        <line num="89" count="1" type="stmt"/>
        <line num="90" count="1" type="stmt"/>
        <line num="91" count="1" type="stmt"/>
        <line num="92" count="1" type="stmt"/>
        <line num="93" count="1" type="stmt"/>
        <line num="94" count="1" type="stmt"/>
        <line num="95" count="1" type="stmt"/>
        <line num="96" count="1" type="stmt"/>
        <line num="97" count="1" type="stmt"/>
        <line num="98" count="1" type="stmt"/>
        <line num="99" count="1" type="stmt"/>
        <line num="100" count="1" type="stmt"/>
        <line num="101" count="1" type="stmt"/>
        <line num="102" count="1" type="stmt"/>
        <line num="103" count="1" type="stmt"/>
        <line num="104" count="1" type="stmt"/>
        <line num="105" count="1" type="stmt"/>
        <line num="106" count="1" type="stmt"/>
        <line num="107" count="1" type="stmt"/>
        <line num="108" count="1" type="stmt"/>
        <line num="109" count="1" type="stmt"/>
        <line num="110" count="1" type="stmt"/>
        <line num="111" count="1" type="stmt"/>
        <line num="112" count="1" type="stmt"/>
        <line num="113" count="1" type="stmt"/>
        <line num="114" count="1" type="stmt"/>
        <line num="115" count="1" type="stmt"/>
        <line num="116" count="1" type="stmt"/>
        <line num="117" count="1" type="stmt"/>
        <line num="118" count="1" type="stmt"/>
        <line num="119" count="1" type="stmt"/>
        <line num="120" count="1" type="stmt"/>
        <line num="121" count="1" type="stmt"/>
        <line num="122" count="1" type="stmt"/>
        <line num="123" count="1" type="stmt"/>
        <line num="124" count="1" type="stmt"/>
        <line num="125" count="1" type="stmt"/>
        <line num="126" count="1" type="stmt"/>
        <line num="127" count="1" type="stmt"/>
        <line num="128" count="1" type="stmt"/>
        <line num="129" count="1" type="stmt"/>
        <line num="130" count="1" type="stmt"/>
        <line num="131" count="1" type="stmt"/>
        <line num="132" count="1" type="stmt"/>
        <line num="133" count="1" type="stmt"/>
        <line num="134" count="1" type="stmt"/>
        <line num="135" count="1" type="stmt"/>
        <line num="136" count="1" type="cond" truecount="1" falsecount="0"/>
        <line num="137" count="2" type="stmt"/>
        <line num="138" count="2" type="stmt"/>
        <line num="139" count="2" type="stmt"/>
        <line num="140" count="2" type="stmt"/>
        <line num="141" count="2" type="stmt"/>
        <line num="142" count="2" type="stmt"/>
        <line num="143" count="2" type="stmt"/>
        <line num="144" count="2" type="stmt"/>
        <line num="145" count="2" type="stmt"/>
        <line num="146" count="2" type="stmt"/>
        <line num="147" count="2" type="stmt"/>
        <line num="148" count="2" type="stmt"/>
        <line num="149" count="2" type="stmt"/>
        <line num="150" count="2" type="stmt"/>
        <line num="151" count="2" type="stmt"/>
        <line num="152" count="2" type="stmt"/>
        <line num="153" count="2" type="stmt"/>
        <line num="154" count="1" type="stmt"/>
        <line num="155" count="1" type="stmt"/>
        <line num="156" count="1" type="stmt"/>
        <line num="157" count="1" type="stmt"/>
        <line num="158" count="1" type="stmt"/>
        <line num="159" count="1" type="stmt"/>
        <line num="160" count="1" type="stmt"/>
        <line num="161" count="0" type="stmt"/>
        <line num="162" count="0" type="stmt"/>
        <line num="163" count="0" type="stmt"/>
        <line num="164" count="0" type="stmt"/>
        <line num="165" count="0" type="stmt"/>
        <line num="166" count="0" type="stmt"/>
        <line num="167" count="0" type="stmt"/>
        <line num="168" count="0" type="stmt"/>
        <line num="169" count="0" type="stmt"/>
        <line num="170" count="0" type="stmt"/>
        <line num="171" count="0" type="stmt"/>
        <line num="172" count="0" type="stmt"/>
        <line num="173" count="0" type="stmt"/>
        <line num="174" count="0" type="stmt"/>
        <line num="175" count="0" type="stmt"/>
        <line num="176" count="0" type="stmt"/>
        <line num="177" count="0" type="stmt"/>
        <line num="178" count="0" type="stmt"/>
        <line num="179" count="0" type="stmt"/>
        <line num="180" count="1" type="stmt"/>
        <line num="181" count="1" type="stmt"/>
        <line num="182" count="1" type="stmt"/>
        <line num="183" count="1" type="stmt"/>
        <line num="184" count="7" type="cond" truecount="1" falsecount="0"/>
        <line num="185" count="7" type="cond" truecount="1" falsecount="0"/>
        <line num="186" count="3" type="cond" truecount="1" falsecount="0"/>
        <line num="187" count="3" type="cond" truecount="1" falsecount="0"/>
        <line num="188" count="3" type="stmt"/>
        <line num="189" count="3" type="stmt"/>
        <line num="190" count="3" type="stmt"/>
        <line num="191" count="3" type="cond" truecount="1" falsecount="0"/>
        <line num="192" count="3" type="stmt"/>
        <line num="193" count="3" type="stmt"/>
        <line num="194" count="3" type="stmt"/>
        <line num="195" count="3" type="cond" truecount="1" falsecount="0"/>
        <line num="196" count="4" type="stmt"/>
        <line num="197" count="4" type="cond" truecount="1" falsecount="0"/>
        <line num="198" count="4" type="cond" truecount="1" falsecount="0"/>
        <line num="199" count="4" type="stmt"/>
        <line num="200" count="4" type="stmt"/>
        <line num="201" count="4" type="stmt"/>
        <line num="202" count="4" type="cond" truecount="1" falsecount="0"/>
        <line num="203" count="4" type="stmt"/>
        <line num="204" count="4" type="stmt"/>
        <line num="205" count="4" type="stmt"/>
        <line num="206" count="4" type="stmt"/>
        <line num="207" count="1" type="stmt"/>
        <line num="208" count="11" type="cond" truecount="1" falsecount="0"/>
        <line num="209" count="11" type="cond" truecount="2" falsecount="0"/>
        <line num="210" count="2" type="stmt"/>
        <line num="211" count="2" type="stmt"/>
        <line num="212" count="2" type="stmt"/>
        <line num="213" count="2" type="cond" truecount="1" falsecount="0"/>
        <line num="214" count="2" type="stmt"/>
        <line num="215" count="2" type="stmt"/>
        <line num="216" count="9" type="stmt"/>
        <line num="217" count="9" type="stmt"/>
        <line num="218" count="9" type="stmt"/>
        <line num="219" count="9" type="stmt"/>
        <line num="220" count="9" type="cond" truecount="1" falsecount="0"/>
        <line num="221" count="9" type="stmt"/>
        <line num="222" count="9" type="stmt"/>
      </file>
    </package>
    <package name="types.enum">
      <metrics statements="13" coveredstatements="13" conditionals="3" coveredconditionals="3" methods="0" coveredmethods="0"/>
      <file name="attributs.ts" path="D:\pet-projects\react-study\React-Q4\src\types\enum\attributs.ts">
        <metrics statements="3" coveredstatements="3" conditionals="1" coveredconditionals="1" methods="0" coveredmethods="0"/>
        <line num="1" count="1" type="cond" truecount="1" falsecount="0"/>
        <line num="2" count="1" type="stmt"/>
        <line num="3" count="1" type="stmt"/>
      </file>
      <file name="classes.ts" path="D:\pet-projects\react-study\React-Q4\src\types\enum\classes.ts">
        <metrics statements="10" coveredstatements="10" conditionals="2" coveredconditionals="2" methods="0" coveredmethods="0"/>
        <line num="1" count="1" type="cond" truecount="1" falsecount="0"/>
        <line num="2" count="1" type="stmt"/>
        <line num="3" count="1" type="stmt"/>
        <line num="4" count="1" type="stmt"/>
        <line num="5" count="1" type="cond" truecount="1" falsecount="0"/>
        <line num="6" count="1" type="stmt"/>
        <line num="7" count="1" type="stmt"/>
        <line num="8" count="1" type="stmt"/>
        <line num="9" count="1" type="stmt"/>
        <line num="10" count="1" type="stmt"/>
      </file>
    </package>
    <package name="ui.base-button">
      <metrics statements="24" coveredstatements="24" conditionals="4" coveredconditionals="4" methods="1" coveredmethods="1"/>
      <file name="index.tsx" path="D:\pet-projects\react-study\React-Q4\src\ui\base-button\index.tsx">
        <metrics statements="24" coveredstatements="24" conditionals="4" coveredconditionals="4" methods="1" coveredmethods="1"/>
        <line num="1" count="1" type="stmt"/>
        <line num="2" count="1" type="stmt"/>
        <line num="3" count="1" type="stmt"/>
        <line num="4" count="1" type="stmt"/>
        <line num="5" count="1" type="stmt"/>
        <line num="6" count="1" type="stmt"/>
        <line num="7" count="1" type="stmt"/>
        <line num="8" count="1" type="stmt"/>
        <line num="9" count="1" type="stmt"/>
        <line num="10" count="1" type="stmt"/>
        <line num="11" count="1" type="stmt"/>
        <line num="12" count="1" type="stmt"/>
        <line num="13" count="1" type="cond" truecount="1" falsecount="0"/>
        <line num="14" count="398" type="stmt"/>
        <line num="15" count="398" type="stmt"/>
        <line num="16" count="398" type="cond" truecount="1" falsecount="0"/>
        <line num="17" count="51" type="cond" truecount="2" falsecount="0"/>
        <line num="18" count="347" type="stmt"/>
        <line num="19" count="398" type="stmt"/>
        <line num="20" count="398" type="stmt"/>
        <line num="21" count="398" type="stmt"/>
        <line num="22" count="398" type="stmt"/>
        <line num="23" count="398" type="stmt"/>
        <line num="24" count="398" type="stmt"/>
      </file>
    </package>
    <package name="ui.base-error">
      <metrics statements="8" coveredstatements="4" conditionals="0" coveredconditionals="0" methods="1" coveredmethods="0"/>
      <file name="index.tsx" path="D:\pet-projects\react-study\React-Q4\src\ui\base-error\index.tsx">
        <metrics statements="8" coveredstatements="4" conditionals="0" coveredconditionals="0" methods="1" coveredmethods="0"/>
        <line num="1" count="1" type="stmt"/>
        <line num="2" count="1" type="stmt"/>
        <line num="3" count="1" type="stmt"/>
        <line num="4" count="0" type="stmt"/>
        <line num="5" count="0" type="stmt"/>
        <line num="6" count="0" type="stmt"/>
        <line num="7" count="0" type="stmt"/>
        <line num="8" count="1" type="stmt"/>
      </file>
    </package>
    <package name="ui.base-input">
      <metrics statements="19" coveredstatements="19" conditionals="1" coveredconditionals="1" methods="1" coveredmethods="1"/>
      <file name="index.tsx" path="D:\pet-projects\react-study\React-Q4\src\ui\base-input\index.tsx">
        <metrics statements="19" coveredstatements="19" conditionals="1" coveredconditionals="1" methods="1" coveredmethods="1"/>
        <line num="1" count="1" type="stmt"/>
        <line num="2" count="1" type="stmt"/>
        <line num="3" count="1" type="stmt"/>
        <line num="4" count="1" type="stmt"/>
        <line num="5" count="1" type="stmt"/>
        <line num="6" count="1" type="stmt"/>
        <line num="7" count="1" type="stmt"/>
        <line num="8" count="1" type="stmt"/>
        <line num="9" count="1" type="stmt"/>
        <line num="10" count="1" type="stmt"/>
        <line num="11" count="1" type="stmt"/>
        <line num="12" count="1" type="stmt"/>
        <line num="13" count="1" type="stmt"/>
        <line num="14" count="1" type="stmt"/>
        <line num="15" count="1" type="cond" truecount="1" falsecount="0"/>
        <line num="16" count="64" type="stmt"/>
        <line num="17" count="64" type="stmt"/>
        <line num="18" count="64" type="stmt"/>
        <line num="19" count="64" type="stmt"/>
      </file>
    </package>
    <package name="ui.base-loader">
      <metrics statements="7" coveredstatements="7" conditionals="1" coveredconditionals="1" methods="1" coveredmethods="1"/>
      <file name="index.tsx" path="D:\pet-projects\react-study\React-Q4\src\ui\base-loader\index.tsx">
        <metrics statements="7" coveredstatements="7" conditionals="1" coveredconditionals="1" methods="1" coveredmethods="1"/>
        <line num="1" count="1" type="stmt"/>
        <line num="2" count="1" type="stmt"/>
        <line num="3" count="1" type="cond" truecount="1" falsecount="0"/>
        <line num="4" count="32" type="stmt"/>
        <line num="5" count="32" type="stmt"/>
        <line num="6" count="32" type="stmt"/>
        <line num="7" count="1" type="stmt"/>
      </file>
    </package>
  </project>
</coverage>
