{"D:\\pet-projects\\react-study\\React-Q4\\src\\app\\error-boundary.tsx": {"path":"D:\\pet-projects\\react-study\\React-Q4\\src\\app\\error-boundary.tsx","all":false,"statementMap":{"0":{"start":{"line":1,"column":0},"end":{"line":1,"column":45}},"1":{"start":{"line":2,"column":0},"end":{"line":2,"column":42}},"2":{"start":{"line":3,"column":0},"end":{"line":3,"column":0}},"3":{"start":{"line":4,"column":0},"end":{"line":4,"column":30}},"4":{"start":{"line":5,"column":0},"end":{"line":5,"column":22}},"5":{"start":{"line":6,"column":0},"end":{"line":6,"column":1}},"6":{"start":{"line":7,"column":0},"end":{"line":7,"column":0}},"7":{"start":{"line":8,"column":0},"end":{"line":8,"column":30}},"8":{"start":{"line":9,"column":0},"end":{"line":9,"column":20}},"9":{"start":{"line":10,"column":0},"end":{"line":10,"column":1}},"10":{"start":{"line":11,"column":0},"end":{"line":11,"column":0}},"11":{"start":{"line":12,"column":0},"end":{"line":12,"column":86}},"12":{"start":{"line":13,"column":0},"end":{"line":13,"column":42}},"13":{"start":{"line":14,"column":0},"end":{"line":14,"column":17}},"14":{"start":{"line":15,"column":0},"end":{"line":15,"column":37}},"15":{"start":{"line":16,"column":0},"end":{"line":16,"column":3}},"16":{"start":{"line":17,"column":0},"end":{"line":17,"column":0}},"17":{"start":{"line":18,"column":0},"end":{"line":18,"column":37}},"18":{"start":{"line":19,"column":0},"end":{"line":19,"column":30}},"19":{"start":{"line":20,"column":0},"end":{"line":20,"column":3}},"20":{"start":{"line":21,"column":0},"end":{"line":21,"column":0}},"21":{"start":{"line":22,"column":0},"end":{"line":22,"column":35}},"22":{"start":{"line":23,"column":0},"end":{"line":23,"column":25}},"23":{"start":{"line":24,"column":0},"end":{"line":24,"column":3}},"24":{"start":{"line":25,"column":0},"end":{"line":25,"column":0}},"25":{"start":{"line":26,"column":0},"end":{"line":26,"column":12}},"26":{"start":{"line":27,"column":0},"end":{"line":27,"column":30}},"27":{"start":{"line":28,"column":0},"end":{"line":28,"column":27}},"28":{"start":{"line":29,"column":0},"end":{"line":29,"column":5}},"29":{"start":{"line":30,"column":0},"end":{"line":30,"column":0}},"30":{"start":{"line":31,"column":0},"end":{"line":31,"column":31}},"31":{"start":{"line":32,"column":0},"end":{"line":32,"column":3}},"32":{"start":{"line":33,"column":0},"end":{"line":33,"column":1}}},"s":{"0":1,"1":1,"2":1,"3":1,"4":1,"5":1,"6":1,"7":1,"8":1,"9":1,"10":1,"11":1,"12":1,"13":8,"14":8,"15":8,"16":1,"17":1,"18":0,"19":0,"20":1,"21":1,"22":0,"23":0,"24":1,"25":1,"26":9,"27":0,"28":0,"29":9,"30":9,"31":9,"32":1},"branchMap":{"0":{"type":"branch","line":13,"loc":{"start":{"line":13,"column":2},"end":{"line":16,"column":3}},"locations":[{"start":{"line":13,"column":2},"end":{"line":16,"column":3}}]},"1":{"type":"branch","line":26,"loc":{"start":{"line":26,"column":2},"end":{"line":32,"column":3}},"locations":[{"start":{"line":26,"column":2},"end":{"line":32,"column":3}}]},"2":{"type":"branch","line":27,"loc":{"start":{"line":27,"column":29},"end":{"line":29,"column":5}},"locations":[{"start":{"line":27,"column":29},"end":{"line":29,"column":5}}]}},"b":{"0":[8],"1":[9],"2":[0]},"fnMap":{"0":{"name":"ErrorBoundary","decl":{"start":{"line":13,"column":2},"end":{"line":16,"column":3}},"loc":{"start":{"line":13,"column":2},"end":{"line":16,"column":3}},"line":13},"1":{"name":"getDerivedStateFromError","decl":{"start":{"line":18,"column":9},"end":{"line":20,"column":3}},"loc":{"start":{"line":18,"column":9},"end":{"line":20,"column":3}},"line":18},"2":{"name":"componentDidCatch","decl":{"start":{"line":22,"column":2},"end":{"line":24,"column":3}},"loc":{"start":{"line":22,"column":2},"end":{"line":24,"column":3}},"line":22},"3":{"name":"render","decl":{"start":{"line":26,"column":2},"end":{"line":32,"column":3}},"loc":{"start":{"line":26,"column":2},"end":{"line":32,"column":3}},"line":26}},"f":{"0":8,"1":0,"2":0,"3":9}}
,"D:\\pet-projects\\react-study\\React-Q4\\src\\app\\index.tsx": {"path":"D:\\pet-projects\\react-study\\React-Q4\\src\\app\\index.tsx","all":false,"statementMap":{"0":{"start":{"line":1,"column":0},"end":{"line":1,"column":59}},"1":{"start":{"line":2,"column":0},"end":{"line":2,"column":47}},"2":{"start":{"line":3,"column":0},"end":{"line":3,"column":43}},"3":{"start":{"line":4,"column":0},"end":{"line":4,"column":43}},"4":{"start":{"line":5,"column":0},"end":{"line":5,"column":56}},"5":{"start":{"line":6,"column":0},"end":{"line":6,"column":0}},"6":{"start":{"line":7,"column":0},"end":{"line":7,"column":43}},"7":{"start":{"line":8,"column":0},"end":{"line":8,"column":0}},"8":{"start":{"line":9,"column":0},"end":{"line":9,"column":49}},"9":{"start":{"line":10,"column":0},"end":{"line":10,"column":0}},"10":{"start":{"line":11,"column":0},"end":{"line":11,"column":26}},"11":{"start":{"line":12,"column":0},"end":{"line":12,"column":17}},"12":{"start":{"line":13,"column":0},"end":{"line":13,"column":12}},"13":{"start":{"line":14,"column":0},"end":{"line":14,"column":47}},"14":{"start":{"line":15,"column":0},"end":{"line":15,"column":43}},"15":{"start":{"line":16,"column":0},"end":{"line":16,"column":62}},"16":{"start":{"line":17,"column":0},"end":{"line":17,"column":14}},"17":{"start":{"line":18,"column":0},"end":{"line":18,"column":27}},"18":{"start":{"line":19,"column":0},"end":{"line":19,"column":19}},"19":{"start":{"line":20,"column":0},"end":{"line":20,"column":31}},"20":{"start":{"line":21,"column":0},"end":{"line":21,"column":26}},"21":{"start":{"line":22,"column":0},"end":{"line":22,"column":32}},"22":{"start":{"line":23,"column":0},"end":{"line":23,"column":11}},"23":{"start":{"line":24,"column":0},"end":{"line":24,"column":9}},"24":{"start":{"line":25,"column":0},"end":{"line":25,"column":55}},"25":{"start":{"line":26,"column":0},"end":{"line":26,"column":16}},"26":{"start":{"line":27,"column":0},"end":{"line":27,"column":14}},"27":{"start":{"line":28,"column":0},"end":{"line":28,"column":13}},"28":{"start":{"line":29,"column":0},"end":{"line":29,"column":18}},"29":{"start":{"line":30,"column":0},"end":{"line":30,"column":2}}},"s":{"0":1,"1":1,"2":1,"3":1,"4":1,"5":1,"6":1,"7":1,"8":1,"9":1,"10":1,"11":9,"12":9,"13":9,"14":9,"15":9,"16":9,"17":9,"18":9,"19":9,"20":9,"21":9,"22":9,"23":9,"24":9,"25":9,"26":9,"27":9,"28":9,"29":1},"branchMap":{"0":{"type":"branch","line":11,"loc":{"start":{"line":11,"column":19},"end":{"line":29,"column":18}},"locations":[{"start":{"line":11,"column":19},"end":{"line":29,"column":18}}]}},"b":{"0":[9]},"fnMap":{"0":{"name":"App","decl":{"start":{"line":11,"column":19},"end":{"line":29,"column":18}},"loc":{"start":{"line":11,"column":19},"end":{"line":29,"column":18}},"line":11}},"f":{"0":9}}
,"D:\\pet-projects\\react-study\\React-Q4\\src\\components\\card\\getArrayPlanetInfo.ts": {"path":"D:\\pet-projects\\react-study\\React-Q4\\src\\components\\card\\getArrayPlanetInfo.ts","all":false,"statementMap":{"0":{"start":{"line":1,"column":0},"end":{"line":1,"column":45}},"1":{"start":{"line":2,"column":0},"end":{"line":2,"column":0}},"2":{"start":{"line":3,"column":0},"end":{"line":3,"column":21}},"3":{"start":{"line":4,"column":0},"end":{"line":4,"column":22}},"4":{"start":{"line":5,"column":0},"end":{"line":5,"column":0}},"5":{"start":{"line":6,"column":0},"end":{"line":6,"column":53}},"6":{"start":{"line":7,"column":0},"end":{"line":7,"column":90}}},"s":{"0":1,"1":1,"2":1,"3":1,"4":1,"5":1,"6":346},"branchMap":{"0":{"type":"branch","line":6,"loc":{"start":{"line":6,"column":34},"end":{"line":7,"column":90}},"locations":[{"start":{"line":6,"column":34},"end":{"line":7,"column":90}}]},"1":{"type":"branch","line":7,"loc":{"start":{"line":7,"column":32},"end":{"line":7,"column":88}},"locations":[{"start":{"line":7,"column":32},"end":{"line":7,"column":88}}]},"2":{"type":"branch","line":7,"loc":{"start":{"line":7,"column":56},"end":{"line":7,"column":88}},"locations":[{"start":{"line":7,"column":56},"end":{"line":7,"column":88}}]}},"b":{"0":[346],"1":[3040],"2":[2694]},"fnMap":{"0":{"name":"getArrayPlanetInfo","decl":{"start":{"line":6,"column":34},"end":{"line":7,"column":90}},"loc":{"start":{"line":6,"column":34},"end":{"line":7,"column":90}},"line":6}},"f":{"0":346}}
,"D:\\pet-projects\\react-study\\React-Q4\\src\\components\\card\\index.tsx": {"path":"D:\\pet-projects\\react-study\\React-Q4\\src\\components\\card\\index.tsx","all":false,"statementMap":{"0":{"start":{"line":1,"column":0},"end":{"line":1,"column":24}},"1":{"start":{"line":2,"column":0},"end":{"line":2,"column":45}},"2":{"start":{"line":3,"column":0},"end":{"line":3,"column":0}},"3":{"start":{"line":4,"column":0},"end":{"line":4,"column":58}},"4":{"start":{"line":5,"column":0},"end":{"line":5,"column":0}},"5":{"start":{"line":6,"column":0},"end":{"line":6,"column":40}},"6":{"start":{"line":7,"column":0},"end":{"line":7,"column":0}},"7":{"start":{"line":8,"column":0},"end":{"line":8,"column":21}},"8":{"start":{"line":9,"column":0},"end":{"line":9,"column":22}},"9":{"start":{"line":10,"column":0},"end":{"line":10,"column":0}},"10":{"start":{"line":11,"column":0},"end":{"line":11,"column":21}},"11":{"start":{"line":12,"column":0},"end":{"line":12,"column":17}},"12":{"start":{"line":13,"column":0},"end":{"line":13,"column":1}},"13":{"start":{"line":14,"column":0},"end":{"line":14,"column":0}},"14":{"start":{"line":15,"column":0},"end":{"line":15,"column":48}},"15":{"start":{"line":16,"column":0},"end":{"line":16,"column":50}},"16":{"start":{"line":17,"column":0},"end":{"line":17,"column":70}},"17":{"start":{"line":18,"column":0},"end":{"line":18,"column":10}},"18":{"start":{"line":19,"column":0},"end":{"line":19,"column":56}},"19":{"start":{"line":20,"column":0},"end":{"line":20,"column":53}},"20":{"start":{"line":21,"column":0},"end":{"line":21,"column":34}},"21":{"start":{"line":22,"column":0},"end":{"line":22,"column":43}},"22":{"start":{"line":23,"column":0},"end":{"line":23,"column":75}},"23":{"start":{"line":24,"column":0},"end":{"line":24,"column":37}},"24":{"start":{"line":25,"column":0},"end":{"line":25,"column":51}},"25":{"start":{"line":26,"column":0},"end":{"line":26,"column":18}},"26":{"start":{"line":27,"column":0},"end":{"line":27,"column":49}},"27":{"start":{"line":28,"column":0},"end":{"line":28,"column":52}},"28":{"start":{"line":29,"column":0},"end":{"line":29,"column":18}},"29":{"start":{"line":30,"column":0},"end":{"line":30,"column":15}},"30":{"start":{"line":31,"column":0},"end":{"line":31,"column":11}},"31":{"start":{"line":32,"column":0},"end":{"line":32,"column":11}},"32":{"start":{"line":33,"column":0},"end":{"line":33,"column":14}},"33":{"start":{"line":34,"column":0},"end":{"line":34,"column":4}},"34":{"start":{"line":35,"column":0},"end":{"line":35,"column":2}}},"s":{"0":1,"1":1,"2":1,"3":1,"4":1,"5":1,"6":1,"7":1,"8":1,"9":1,"10":1,"11":1,"12":1,"13":1,"14":1,"15":346,"16":346,"17":346,"18":346,"19":346,"20":346,"21":346,"22":2694,"23":2694,"24":2694,"25":2694,"26":2694,"27":2694,"28":2694,"29":2694,"30":346,"31":346,"32":346,"33":346,"34":346},"branchMap":{"0":{"type":"branch","line":15,"loc":{"start":{"line":15,"column":20},"end":{"line":35,"column":2}},"locations":[{"start":{"line":15,"column":20},"end":{"line":35,"column":2}}]},"1":{"type":"branch","line":22,"loc":{"start":{"line":22,"column":26},"end":{"line":30,"column":15}},"locations":[{"start":{"line":22,"column":26},"end":{"line":30,"column":15}}]}},"b":{"0":[346],"1":[2694]},"fnMap":{"0":{"name":"Card","decl":{"start":{"line":15,"column":20},"end":{"line":35,"column":2}},"loc":{"start":{"line":15,"column":20},"end":{"line":35,"column":2}},"line":15}},"f":{"0":346}}
,"D:\\pet-projects\\react-study\\React-Q4\\src\\components\\card-list\\getJsxContentOfPlanets.tsx": {"path":"D:\\pet-projects\\react-study\\React-Q4\\src\\components\\card-list\\getJsxContentOfPlanets.tsx","all":false,"statementMap":{"0":{"start":{"line":1,"column":0},"end":{"line":1,"column":43}},"1":{"start":{"line":2,"column":0},"end":{"line":2,"column":54}},"2":{"start":{"line":3,"column":0},"end":{"line":3,"column":45}},"3":{"start":{"line":4,"column":0},"end":{"line":4,"column":0}},"4":{"start":{"line":5,"column":0},"end":{"line":5,"column":39}},"5":{"start":{"line":6,"column":0},"end":{"line":6,"column":0}},"6":{"start":{"line":7,"column":0},"end":{"line":7,"column":40}},"7":{"start":{"line":8,"column":0},"end":{"line":8,"column":0}},"8":{"start":{"line":9,"column":0},"end":{"line":9,"column":76}},"9":{"start":{"line":10,"column":0},"end":{"line":10,"column":80}},"10":{"start":{"line":11,"column":0},"end":{"line":11,"column":0}},"11":{"start":{"line":12,"column":0},"end":{"line":12,"column":111}},"12":{"start":{"line":13,"column":0},"end":{"line":13,"column":34}},"13":{"start":{"line":14,"column":0},"end":{"line":14,"column":12}},"14":{"start":{"line":15,"column":0},"end":{"line":15,"column":35}},"15":{"start":{"line":16,"column":0},"end":{"line":16,"column":34}},"16":{"start":{"line":17,"column":0},"end":{"line":17,"column":43}},"17":{"start":{"line":18,"column":0},"end":{"line":18,"column":18}},"18":{"start":{"line":19,"column":0},"end":{"line":19,"column":96}},"19":{"start":{"line":20,"column":0},"end":{"line":20,"column":38}},"20":{"start":{"line":21,"column":0},"end":{"line":21,"column":22}},"21":{"start":{"line":22,"column":0},"end":{"line":22,"column":12}},"22":{"start":{"line":23,"column":0},"end":{"line":23,"column":11}},"23":{"start":{"line":24,"column":0},"end":{"line":24,"column":12}},"24":{"start":{"line":25,"column":0},"end":{"line":25,"column":6}},"25":{"start":{"line":26,"column":0},"end":{"line":26,"column":3}},"26":{"start":{"line":27,"column":0},"end":{"line":27,"column":63}},"27":{"start":{"line":28,"column":0},"end":{"line":28,"column":10}},"28":{"start":{"line":29,"column":0},"end":{"line":29,"column":45}},"29":{"start":{"line":30,"column":0},"end":{"line":30,"column":55}},"30":{"start":{"line":31,"column":0},"end":{"line":31,"column":10}},"31":{"start":{"line":32,"column":0},"end":{"line":32,"column":4}},"32":{"start":{"line":33,"column":0},"end":{"line":33,"column":2}}},"s":{"0":1,"1":1,"2":1,"3":1,"4":1,"5":1,"6":1,"7":1,"8":1,"9":1,"10":1,"11":1,"12":53,"13":34,"14":34,"15":34,"16":340,"17":340,"18":340,"19":340,"20":340,"21":340,"22":34,"23":34,"24":34,"25":34,"26":53,"27":53,"28":53,"29":53,"30":53,"31":53,"32":53},"branchMap":{"0":{"type":"branch","line":12,"loc":{"start":{"line":12,"column":38},"end":{"line":33,"column":2}},"locations":[{"start":{"line":12,"column":38},"end":{"line":33,"column":2}}]},"1":{"type":"branch","line":13,"loc":{"start":{"line":13,"column":6},"end":{"line":13,"column":33}},"locations":[{"start":{"line":13,"column":6},"end":{"line":13,"column":33}}]},"2":{"type":"branch","line":13,"loc":{"start":{"line":13,"column":33},"end":{"line":27,"column":29}},"locations":[{"start":{"line":13,"column":33},"end":{"line":27,"column":29}}]},"3":{"type":"branch","line":13,"loc":{"start":{"line":13,"column":33},"end":{"line":26,"column":3}},"locations":[{"start":{"line":13,"column":33},"end":{"line":26,"column":3}}]},"4":{"type":"branch","line":26,"loc":{"start":{"line":26,"column":2},"end":{"line":27,"column":29}},"locations":[{"start":{"line":26,"column":2},"end":{"line":27,"column":29}}]},"5":{"type":"branch","line":27,"loc":{"start":{"line":27,"column":18},"end":{"line":27,"column":45}},"locations":[{"start":{"line":27,"column":18},"end":{"line":27,"column":45}}]},"6":{"type":"branch","line":27,"loc":{"start":{"line":27,"column":29},"end":{"line":27,"column":63}},"locations":[{"start":{"line":27,"column":29},"end":{"line":27,"column":63}}]},"7":{"type":"branch","line":16,"loc":{"start":{"line":16,"column":21},"end":{"line":23,"column":9}},"locations":[{"start":{"line":16,"column":21},"end":{"line":23,"column":9}}]}},"b":{"0":[53],"1":[35],"2":[52],"3":[34],"4":[19],"5":[0],"6":[19],"7":[340]},"fnMap":{"0":{"name":"getJsxContentOfPlanets","decl":{"start":{"line":12,"column":38},"end":{"line":33,"column":2}},"loc":{"start":{"line":12,"column":38},"end":{"line":33,"column":2}},"line":12}},"f":{"0":53}}
,"D:\\pet-projects\\react-study\\React-Q4\\src\\components\\card-list\\index.tsx": {"path":"D:\\pet-projects\\react-study\\React-Q4\\src\\components\\card-list\\index.tsx","all":false,"statementMap":{"0":{"start":{"line":1,"column":0},"end":{"line":1,"column":48}},"1":{"start":{"line":2,"column":0},"end":{"line":2,"column":0}},"2":{"start":{"line":3,"column":0},"end":{"line":3,"column":66}},"3":{"start":{"line":4,"column":0},"end":{"line":4,"column":0}},"4":{"start":{"line":5,"column":0},"end":{"line":5,"column":40}},"5":{"start":{"line":6,"column":0},"end":{"line":6,"column":0}},"6":{"start":{"line":7,"column":0},"end":{"line":7,"column":25}},"7":{"start":{"line":8,"column":0},"end":{"line":8,"column":20}},"8":{"start":{"line":9,"column":0},"end":{"line":9,"column":24}},"9":{"start":{"line":10,"column":0},"end":{"line":10,"column":1}},"10":{"start":{"line":11,"column":0},"end":{"line":11,"column":0}},"11":{"start":{"line":12,"column":0},"end":{"line":12,"column":69}},"12":{"start":{"line":13,"column":0},"end":{"line":13,"column":40}},"13":{"start":{"line":14,"column":0},"end":{"line":14,"column":0}},"14":{"start":{"line":15,"column":0},"end":{"line":15,"column":10}},"15":{"start":{"line":16,"column":0},"end":{"line":16,"column":40}},"16":{"start":{"line":17,"column":0},"end":{"line":17,"column":22}},"17":{"start":{"line":18,"column":0},"end":{"line":18,"column":60}},"18":{"start":{"line":19,"column":0},"end":{"line":19,"column":14}},"19":{"start":{"line":20,"column":0},"end":{"line":20,"column":4}},"20":{"start":{"line":21,"column":0},"end":{"line":21,"column":2}}},"s":{"0":1,"1":1,"2":1,"3":1,"4":1,"5":1,"6":1,"7":1,"8":1,"9":1,"10":1,"11":1,"12":53,"13":53,"14":53,"15":53,"16":53,"17":53,"18":53,"19":53,"20":53},"branchMap":{"0":{"type":"branch","line":12,"loc":{"start":{"line":12,"column":24},"end":{"line":21,"column":2}},"locations":[{"start":{"line":12,"column":24},"end":{"line":21,"column":2}}]}},"b":{"0":[53]},"fnMap":{"0":{"name":"CardList","decl":{"start":{"line":12,"column":24},"end":{"line":21,"column":2}},"loc":{"start":{"line":12,"column":24},"end":{"line":21,"column":2}},"line":12}},"f":{"0":53}}
,"D:\\pet-projects\\react-study\\React-Q4\\src\\components\\footer\\index.tsx": {"path":"D:\\pet-projects\\react-study\\React-Q4\\src\\components\\footer\\index.tsx","all":false,"statementMap":{"0":{"start":{"line":1,"column":0},"end":{"line":1,"column":40}},"1":{"start":{"line":2,"column":0},"end":{"line":2,"column":0}},"2":{"start":{"line":3,"column":0},"end":{"line":3,"column":29}},"3":{"start":{"line":4,"column":0},"end":{"line":4,"column":36}},"4":{"start":{"line":5,"column":0},"end":{"line":5,"column":56}},"5":{"start":{"line":6,"column":0},"end":{"line":6,"column":11}},"6":{"start":{"line":7,"column":0},"end":{"line":7,"column":2}}},"s":{"0":1,"1":1,"2":1,"3":9,"4":9,"5":9,"6":1},"branchMap":{"0":{"type":"branch","line":3,"loc":{"start":{"line":3,"column":22},"end":{"line":6,"column":11}},"locations":[{"start":{"line":3,"column":22},"end":{"line":6,"column":11}}]}},"b":{"0":[9]},"fnMap":{"0":{"name":"Footer","decl":{"start":{"line":3,"column":22},"end":{"line":6,"column":11}},"loc":{"start":{"line":3,"column":22},"end":{"line":6,"column":11}},"line":3}},"f":{"0":9}}
,"D:\\pet-projects\\react-study\\React-Q4\\src\\components\\header\\index.tsx": {"path":"D:\\pet-projects\\react-study\\React-Q4\\src\\components\\header\\index.tsx","all":false,"statementMap":{"0":{"start":{"line":1,"column":0},"end":{"line":1,"column":40}},"1":{"start":{"line":2,"column":0},"end":{"line":2,"column":0}},"2":{"start":{"line":3,"column":0},"end":{"line":3,"column":29}},"3":{"start":{"line":4,"column":0},"end":{"line":4,"column":36}},"4":{"start":{"line":5,"column":0},"end":{"line":5,"column":42}},"5":{"start":{"line":6,"column":0},"end":{"line":6,"column":57}},"6":{"start":{"line":7,"column":0},"end":{"line":7,"column":14}},"7":{"start":{"line":8,"column":0},"end":{"line":8,"column":11}},"8":{"start":{"line":9,"column":0},"end":{"line":9,"column":2}}},"s":{"0":1,"1":1,"2":1,"3":9,"4":9,"5":9,"6":9,"7":9,"8":1},"branchMap":{"0":{"type":"branch","line":3,"loc":{"start":{"line":3,"column":22},"end":{"line":8,"column":11}},"locations":[{"start":{"line":3,"column":22},"end":{"line":8,"column":11}}]}},"b":{"0":[9]},"fnMap":{"0":{"name":"Header","decl":{"start":{"line":3,"column":22},"end":{"line":8,"column":11}},"loc":{"start":{"line":3,"column":22},"end":{"line":8,"column":11}},"line":3}},"f":{"0":9}}
,"D:\\pet-projects\\react-study\\React-Q4\\src\\components\\layout\\index.tsx": {"path":"D:\\pet-projects\\react-study\\React-Q4\\src\\components\\layout\\index.tsx","all":false,"statementMap":{"0":{"start":{"line":1,"column":0},"end":{"line":1,"column":42}},"1":{"start":{"line":2,"column":0},"end":{"line":2,"column":0}},"2":{"start":{"line":3,"column":0},"end":{"line":3,"column":43}},"3":{"start":{"line":4,"column":0},"end":{"line":4,"column":43}},"4":{"start":{"line":5,"column":0},"end":{"line":5,"column":0}},"5":{"start":{"line":6,"column":0},"end":{"line":6,"column":40}},"6":{"start":{"line":7,"column":0},"end":{"line":7,"column":0}},"7":{"start":{"line":8,"column":0},"end":{"line":8,"column":29}},"8":{"start":{"line":9,"column":0},"end":{"line":9,"column":33}},"9":{"start":{"line":10,"column":0},"end":{"line":10,"column":14}},"10":{"start":{"line":11,"column":0},"end":{"line":11,"column":34}},"11":{"start":{"line":12,"column":0},"end":{"line":12,"column":16}},"12":{"start":{"line":13,"column":0},"end":{"line":13,"column":11}},"13":{"start":{"line":14,"column":0},"end":{"line":14,"column":14}},"14":{"start":{"line":15,"column":0},"end":{"line":15,"column":8}},"15":{"start":{"line":16,"column":0},"end":{"line":16,"column":2}}},"s":{"0":1,"1":1,"2":1,"3":1,"4":1,"5":1,"6":1,"7":1,"8":9,"9":9,"10":9,"11":9,"12":9,"13":9,"14":9,"15":1},"branchMap":{"0":{"type":"branch","line":8,"loc":{"start":{"line":8,"column":22},"end":{"line":15,"column":8}},"locations":[{"start":{"line":8,"column":22},"end":{"line":15,"column":8}}]}},"b":{"0":[9]},"fnMap":{"0":{"name":"Layout","decl":{"start":{"line":8,"column":22},"end":{"line":15,"column":8}},"loc":{"start":{"line":8,"column":22},"end":{"line":15,"column":8}},"line":8}},"f":{"0":9}}
,"D:\\pet-projects\\react-study\\React-Q4\\src\\components\\pagination\\changeStateBtnNextAndPrev.ts": {"path":"D:\\pet-projects\\react-study\\React-Q4\\src\\components\\pagination\\changeStateBtnNextAndPrev.ts","all":false,"statementMap":{"0":{"start":{"line":1,"column":0},"end":{"line":1,"column":40}},"1":{"start":{"line":2,"column":0},"end":{"line":2,"column":0}},"2":{"start":{"line":3,"column":0},"end":{"line":3,"column":19}},"3":{"start":{"line":4,"column":0},"end":{"line":4,"column":19}},"4":{"start":{"line":5,"column":0},"end":{"line":5,"column":0}},"5":{"start":{"line":6,"column":0},"end":{"line":6,"column":42}},"6":{"start":{"line":7,"column":0},"end":{"line":7,"column":18}},"7":{"start":{"line":8,"column":0},"end":{"line":8,"column":39}},"8":{"start":{"line":9,"column":0},"end":{"line":9,"column":39}},"9":{"start":{"line":10,"column":0},"end":{"line":10,"column":17}},"10":{"start":{"line":11,"column":0},"end":{"line":11,"column":6}},"11":{"start":{"line":12,"column":0},"end":{"line":12,"column":22}},"12":{"start":{"line":13,"column":0},"end":{"line":13,"column":22}},"13":{"start":{"line":14,"column":0},"end":{"line":14,"column":37}},"14":{"start":{"line":15,"column":0},"end":{"line":15,"column":19}},"15":{"start":{"line":16,"column":0},"end":{"line":16,"column":3}},"16":{"start":{"line":17,"column":0},"end":{"line":17,"column":40}},"17":{"start":{"line":18,"column":0},"end":{"line":18,"column":19}},"18":{"start":{"line":19,"column":0},"end":{"line":19,"column":3}},"19":{"start":{"line":20,"column":0},"end":{"line":20,"column":27}},"20":{"start":{"line":21,"column":0},"end":{"line":21,"column":27}},"21":{"start":{"line":22,"column":0},"end":{"line":22,"column":2}}},"s":{"0":1,"1":1,"2":1,"3":1,"4":1,"5":1,"6":2,"7":2,"8":2,"9":2,"10":2,"11":2,"12":2,"13":2,"14":0,"15":0,"16":2,"17":1,"18":1,"19":2,"20":2,"21":2},"branchMap":{"0":{"type":"branch","line":6,"loc":{"start":{"line":6,"column":41},"end":{"line":22,"column":2}},"locations":[{"start":{"line":6,"column":41},"end":{"line":22,"column":2}}]},"1":{"type":"branch","line":14,"loc":{"start":{"line":14,"column":36},"end":{"line":16,"column":3}},"locations":[{"start":{"line":14,"column":36},"end":{"line":16,"column":3}}]},"2":{"type":"branch","line":17,"loc":{"start":{"line":17,"column":39},"end":{"line":19,"column":3}},"locations":[{"start":{"line":17,"column":39},"end":{"line":19,"column":3}}]}},"b":{"0":[2],"1":[0],"2":[1]},"fnMap":{"0":{"name":"changeStateBtnNextAndPrev","decl":{"start":{"line":6,"column":41},"end":{"line":22,"column":2}},"loc":{"start":{"line":6,"column":41},"end":{"line":22,"column":2}},"line":6}},"f":{"0":2}}
,"D:\\pet-projects\\react-study\\React-Q4\\src\\components\\pagination\\getInitialBtn.ts": {"path":"D:\\pet-projects\\react-study\\React-Q4\\src\\components\\pagination\\getInitialBtn.ts","all":false,"statementMap":{"0":{"start":{"line":1,"column":0},"end":{"line":1,"column":55}},"1":{"start":{"line":2,"column":0},"end":{"line":2,"column":37}},"2":{"start":{"line":3,"column":0},"end":{"line":3,"column":31}},"3":{"start":{"line":4,"column":0},"end":{"line":4,"column":41}},"4":{"start":{"line":5,"column":0},"end":{"line":5,"column":21}},"5":{"start":{"line":6,"column":0},"end":{"line":6,"column":22}},"6":{"start":{"line":7,"column":0},"end":{"line":7,"column":44}},"7":{"start":{"line":8,"column":0},"end":{"line":8,"column":42}},"8":{"start":{"line":9,"column":0},"end":{"line":9,"column":21}},"9":{"start":{"line":10,"column":0},"end":{"line":10,"column":5}},"10":{"start":{"line":11,"column":0},"end":{"line":11,"column":17}},"11":{"start":{"line":12,"column":0},"end":{"line":12,"column":3}},"12":{"start":{"line":13,"column":0},"end":{"line":13,"column":26}},"13":{"start":{"line":14,"column":0},"end":{"line":14,"column":2}}},"s":{"0":1,"1":11,"2":11,"3":11,"4":0,"5":0,"6":0,"7":0,"8":0,"9":0,"10":0,"11":0,"12":11,"13":11},"branchMap":{"0":{"type":"branch","line":1,"loc":{"start":{"line":1,"column":29},"end":{"line":14,"column":2}},"locations":[{"start":{"line":1,"column":29},"end":{"line":14,"column":2}}]},"1":{"type":"branch","line":4,"loc":{"start":{"line":4,"column":40},"end":{"line":12,"column":3}},"locations":[{"start":{"line":4,"column":40},"end":{"line":12,"column":3}}]}},"b":{"0":[11],"1":[0]},"fnMap":{"0":{"name":"getInitialBtn","decl":{"start":{"line":1,"column":29},"end":{"line":14,"column":2}},"loc":{"start":{"line":1,"column":29},"end":{"line":14,"column":2}},"line":1}},"f":{"0":11}}
,"D:\\pet-projects\\react-study\\React-Q4\\src\\components\\pagination\\index.tsx": {"path":"D:\\pet-projects\\react-study\\React-Q4\\src\\components\\pagination\\index.tsx","all":false,"statementMap":{"0":{"start":{"line":1,"column":0},"end":{"line":1,"column":33}},"1":{"start":{"line":2,"column":0},"end":{"line":2,"column":51}},"2":{"start":{"line":3,"column":0},"end":{"line":3,"column":44}},"3":{"start":{"line":4,"column":0},"end":{"line":4,"column":0}},"4":{"start":{"line":5,"column":0},"end":{"line":5,"column":72}},"5":{"start":{"line":6,"column":0},"end":{"line":6,"column":48}},"6":{"start":{"line":7,"column":0},"end":{"line":7,"column":0}},"7":{"start":{"line":8,"column":0},"end":{"line":8,"column":40}},"8":{"start":{"line":9,"column":0},"end":{"line":9,"column":0}},"9":{"start":{"line":10,"column":0},"end":{"line":10,"column":27}},"10":{"start":{"line":11,"column":0},"end":{"line":11,"column":21}},"11":{"start":{"line":12,"column":0},"end":{"line":12,"column":22}},"12":{"start":{"line":13,"column":0},"end":{"line":13,"column":42}},"13":{"start":{"line":14,"column":0},"end":{"line":14,"column":1}},"14":{"start":{"line":15,"column":0},"end":{"line":15,"column":0}},"15":{"start":{"line":16,"column":0},"end":{"line":16,"column":19}},"16":{"start":{"line":17,"column":0},"end":{"line":17,"column":19}},"17":{"start":{"line":18,"column":0},"end":{"line":18,"column":31}},"18":{"start":{"line":19,"column":0},"end":{"line":19,"column":31}},"19":{"start":{"line":20,"column":0},"end":{"line":20,"column":0}},"20":{"start":{"line":21,"column":0},"end":{"line":21,"column":55}},"21":{"start":{"line":22,"column":0},"end":{"line":22,"column":81}},"22":{"start":{"line":23,"column":0},"end":{"line":23,"column":68}},"23":{"start":{"line":24,"column":0},"end":{"line":24,"column":102}},"24":{"start":{"line":25,"column":0},"end":{"line":25,"column":96}},"25":{"start":{"line":26,"column":0},"end":{"line":26,"column":0}},"26":{"start":{"line":27,"column":0},"end":{"line":27,"column":37}},"27":{"start":{"line":28,"column":0},"end":{"line":28,"column":52}},"28":{"start":{"line":29,"column":0},"end":{"line":29,"column":28}},"29":{"start":{"line":30,"column":0},"end":{"line":30,"column":13}},"30":{"start":{"line":31,"column":0},"end":{"line":31,"column":5}},"31":{"start":{"line":32,"column":0},"end":{"line":32,"column":56}},"32":{"start":{"line":33,"column":0},"end":{"line":33,"column":65}},"33":{"start":{"line":34,"column":0},"end":{"line":34,"column":32}},"34":{"start":{"line":35,"column":0},"end":{"line":35,"column":5}},"35":{"start":{"line":36,"column":0},"end":{"line":36,"column":52}},"36":{"start":{"line":37,"column":0},"end":{"line":37,"column":106}},"37":{"start":{"line":38,"column":0},"end":{"line":38,"column":50}},"38":{"start":{"line":39,"column":0},"end":{"line":39,"column":4}},"39":{"start":{"line":40,"column":0},"end":{"line":40,"column":0}},"40":{"start":{"line":41,"column":0},"end":{"line":41,"column":37}},"41":{"start":{"line":42,"column":0},"end":{"line":42,"column":56}},"42":{"start":{"line":43,"column":0},"end":{"line":43,"column":65}},"43":{"start":{"line":44,"column":0},"end":{"line":44,"column":32}},"44":{"start":{"line":45,"column":0},"end":{"line":45,"column":5}},"45":{"start":{"line":46,"column":0},"end":{"line":46,"column":52}},"46":{"start":{"line":47,"column":0},"end":{"line":47,"column":106}},"47":{"start":{"line":48,"column":0},"end":{"line":48,"column":50}},"48":{"start":{"line":49,"column":0},"end":{"line":49,"column":4}},"49":{"start":{"line":50,"column":0},"end":{"line":50,"column":0}},"50":{"start":{"line":51,"column":0},"end":{"line":51,"column":40}},"51":{"start":{"line":52,"column":0},"end":{"line":52,"column":24}},"52":{"start":{"line":53,"column":0},"end":{"line":53,"column":87}},"53":{"start":{"line":54,"column":0},"end":{"line":54,"column":31}},"54":{"start":{"line":55,"column":0},"end":{"line":55,"column":4}},"55":{"start":{"line":56,"column":0},"end":{"line":56,"column":0}},"56":{"start":{"line":57,"column":0},"end":{"line":57,"column":10}},"57":{"start":{"line":58,"column":0},"end":{"line":58,"column":43}},"58":{"start":{"line":59,"column":0},"end":{"line":59,"column":17}},"59":{"start":{"line":60,"column":0},"end":{"line":60,"column":47}},"60":{"start":{"line":61,"column":0},"end":{"line":61,"column":37}},"61":{"start":{"line":62,"column":0},"end":{"line":62,"column":33}},"62":{"start":{"line":63,"column":0},"end":{"line":63,"column":30}},"63":{"start":{"line":64,"column":0},"end":{"line":64,"column":7}},"64":{"start":{"line":65,"column":0},"end":{"line":65,"column":26}},"65":{"start":{"line":66,"column":0},"end":{"line":66,"column":19}},"66":{"start":{"line":67,"column":0},"end":{"line":67,"column":45}},"67":{"start":{"line":68,"column":0},"end":{"line":68,"column":42}},"68":{"start":{"line":69,"column":0},"end":{"line":69,"column":23}},"69":{"start":{"line":70,"column":0},"end":{"line":70,"column":39}},"70":{"start":{"line":71,"column":0},"end":{"line":71,"column":81}},"71":{"start":{"line":72,"column":0},"end":{"line":72,"column":43}},"72":{"start":{"line":73,"column":0},"end":{"line":73,"column":60}},"73":{"start":{"line":74,"column":0},"end":{"line":74,"column":16}},"74":{"start":{"line":75,"column":0},"end":{"line":75,"column":118}},"75":{"start":{"line":76,"column":0},"end":{"line":76,"column":33}},"76":{"start":{"line":77,"column":0},"end":{"line":77,"column":23}},"77":{"start":{"line":78,"column":0},"end":{"line":78,"column":10}},"78":{"start":{"line":79,"column":0},"end":{"line":79,"column":9}},"79":{"start":{"line":80,"column":0},"end":{"line":80,"column":17}},"80":{"start":{"line":81,"column":0},"end":{"line":81,"column":47}},"81":{"start":{"line":82,"column":0},"end":{"line":82,"column":37}},"82":{"start":{"line":83,"column":0},"end":{"line":83,"column":33}},"83":{"start":{"line":84,"column":0},"end":{"line":84,"column":30}},"84":{"start":{"line":85,"column":0},"end":{"line":85,"column":7}},"85":{"start":{"line":86,"column":0},"end":{"line":86,"column":26}},"86":{"start":{"line":87,"column":0},"end":{"line":87,"column":19}},"87":{"start":{"line":88,"column":0},"end":{"line":88,"column":14}},"88":{"start":{"line":89,"column":0},"end":{"line":89,"column":4}},"89":{"start":{"line":90,"column":0},"end":{"line":90,"column":2}}},"s":{"0":1,"1":1,"2":1,"3":1,"4":1,"5":1,"6":1,"7":1,"8":1,"9":1,"10":1,"11":1,"12":1,"13":1,"14":1,"15":1,"16":1,"17":1,"18":1,"19":1,"20":1,"21":51,"22":51,"23":51,"24":51,"25":51,"26":51,"27":1,"28":0,"29":0,"30":0,"31":1,"32":0,"33":0,"34":0,"35":1,"36":1,"37":1,"38":1,"39":51,"40":51,"41":1,"42":0,"43":0,"44":0,"45":1,"46":1,"47":1,"48":1,"49":51,"50":51,"51":0,"52":0,"53":0,"54":0,"55":51,"56":51,"57":51,"58":51,"59":51,"60":51,"61":51,"62":51,"63":51,"64":51,"65":51,"66":51,"67":153,"68":153,"69":153,"70":51,"71":102,"72":153,"73":153,"74":153,"75":153,"76":153,"77":153,"78":51,"79":51,"80":51,"81":51,"82":51,"83":51,"84":51,"85":51,"86":51,"87":51,"88":51,"89":51},"branchMap":{"0":{"type":"branch","line":21,"loc":{"start":{"line":21,"column":26},"end":{"line":90,"column":2}},"locations":[{"start":{"line":21,"column":26},"end":{"line":90,"column":2}}]},"1":{"type":"branch","line":22,"loc":{"start":{"line":22,"column":41},"end":{"line":22,"column":79}},"locations":[{"start":{"line":22,"column":41},"end":{"line":22,"column":79}}]},"2":{"type":"branch","line":27,"loc":{"start":{"line":27,"column":30},"end":{"line":39,"column":4}},"locations":[{"start":{"line":27,"column":30},"end":{"line":39,"column":4}}]},"3":{"type":"branch","line":28,"loc":{"start":{"line":28,"column":51},"end":{"line":31,"column":5}},"locations":[{"start":{"line":28,"column":51},"end":{"line":31,"column":5}}]},"4":{"type":"branch","line":32,"loc":{"start":{"line":32,"column":55},"end":{"line":35,"column":5}},"locations":[{"start":{"line":32,"column":55},"end":{"line":35,"column":5}}]},"5":{"type":"branch","line":36,"loc":{"start":{"line":36,"column":19},"end":{"line":36,"column":50}},"locations":[{"start":{"line":36,"column":19},"end":{"line":36,"column":50}}]},"6":{"type":"branch","line":41,"loc":{"start":{"line":41,"column":30},"end":{"line":49,"column":4}},"locations":[{"start":{"line":41,"column":30},"end":{"line":49,"column":4}}]},"7":{"type":"branch","line":42,"loc":{"start":{"line":42,"column":55},"end":{"line":45,"column":5}},"locations":[{"start":{"line":42,"column":55},"end":{"line":45,"column":5}}]},"8":{"type":"branch","line":46,"loc":{"start":{"line":46,"column":19},"end":{"line":46,"column":50}},"locations":[{"start":{"line":46,"column":19},"end":{"line":46,"column":50}}]},"9":{"type":"branch","line":67,"loc":{"start":{"line":67,"column":19},"end":{"line":79,"column":7}},"locations":[{"start":{"line":67,"column":19},"end":{"line":79,"column":7}}]},"10":{"type":"branch","line":70,"loc":{"start":{"line":70,"column":26},"end":{"line":71,"column":81}},"locations":[{"start":{"line":70,"column":26},"end":{"line":71,"column":81}}]},"11":{"type":"branch","line":71,"loc":{"start":{"line":71,"column":80},"end":{"line":72,"column":43}},"locations":[{"start":{"line":71,"column":80},"end":{"line":72,"column":43}}]}},"b":{"0":[51],"1":[11],"2":[1],"3":[0],"4":[0],"5":[1],"6":[1],"7":[0],"8":[1],"9":[153],"10":[51],"11":[102]},"fnMap":{"0":{"name":"Pagination","decl":{"start":{"line":21,"column":26},"end":{"line":90,"column":2}},"loc":{"start":{"line":21,"column":26},"end":{"line":90,"column":2}},"line":21},"1":{"name":"handleClickMoveNext","decl":{"start":{"line":27,"column":30},"end":{"line":39,"column":4}},"loc":{"start":{"line":27,"column":30},"end":{"line":39,"column":4}},"line":27},"2":{"name":"handleClickMovePrev","decl":{"start":{"line":41,"column":30},"end":{"line":49,"column":4}},"loc":{"start":{"line":41,"column":30},"end":{"line":49,"column":4}},"line":41},"3":{"name":"handleClick","decl":{"start":{"line":51,"column":22},"end":{"line":55,"column":4}},"loc":{"start":{"line":51,"column":22},"end":{"line":55,"column":4}},"line":51},"4":{"name":"onClick","decl":{"start":{"line":75,"column":50},"end":{"line":75,"column":89}},"loc":{"start":{"line":75,"column":50},"end":{"line":75,"column":89}},"line":75}},"f":{"0":51,"1":1,"2":1,"3":0,"4":0}}
,"D:\\pet-projects\\react-study\\React-Q4\\src\\components\\search-part\\getAmountCards.ts": {"path":"D:\\pet-projects\\react-study\\React-Q4\\src\\components\\search-part\\getAmountCards.ts","all":false,"statementMap":{"0":{"start":{"line":1,"column":0},"end":{"line":1,"column":51}},"1":{"start":{"line":2,"column":0},"end":{"line":2,"column":25}},"2":{"start":{"line":3,"column":0},"end":{"line":3,"column":32}},"3":{"start":{"line":4,"column":0},"end":{"line":4,"column":20}},"4":{"start":{"line":5,"column":0},"end":{"line":5,"column":31}},"5":{"start":{"line":6,"column":0},"end":{"line":6,"column":53}},"6":{"start":{"line":7,"column":0},"end":{"line":7,"column":19}},"7":{"start":{"line":8,"column":0},"end":{"line":8,"column":3}},"8":{"start":{"line":9,"column":0},"end":{"line":9,"column":21}},"9":{"start":{"line":10,"column":0},"end":{"line":10,"column":2}}},"s":{"0":1,"1":64,"2":64,"3":64,"4":64,"5":276,"6":276,"7":276,"8":64,"9":64},"branchMap":{"0":{"type":"branch","line":1,"loc":{"start":{"line":1,"column":30},"end":{"line":10,"column":2}},"locations":[{"start":{"line":1,"column":30},"end":{"line":10,"column":2}}]},"1":{"type":"branch","line":5,"loc":{"start":{"line":5,"column":30},"end":{"line":8,"column":3}},"locations":[{"start":{"line":5,"column":30},"end":{"line":8,"column":3}}]}},"b":{"0":[64],"1":[276]},"fnMap":{"0":{"name":"getAmountCards","decl":{"start":{"line":1,"column":30},"end":{"line":10,"column":2}},"loc":{"start":{"line":1,"column":30},"end":{"line":10,"column":2}},"line":1}},"f":{"0":64}}
,"D:\\pet-projects\\react-study\\React-Q4\\src\\components\\search-part\\index.tsx": {"path":"D:\\pet-projects\\react-study\\React-Q4\\src\\components\\search-part\\index.tsx","all":false,"statementMap":{"0":{"start":{"line":1,"column":0},"end":{"line":1,"column":61}},"1":{"start":{"line":2,"column":0},"end":{"line":2,"column":49}},"2":{"start":{"line":3,"column":0},"end":{"line":3,"column":50}},"3":{"start":{"line":4,"column":0},"end":{"line":4,"column":65}},"4":{"start":{"line":5,"column":0},"end":{"line":5,"column":44}},"5":{"start":{"line":6,"column":0},"end":{"line":6,"column":42}},"6":{"start":{"line":7,"column":0},"end":{"line":7,"column":0}},"7":{"start":{"line":8,"column":0},"end":{"line":8,"column":50}},"8":{"start":{"line":9,"column":0},"end":{"line":9,"column":0}},"9":{"start":{"line":10,"column":0},"end":{"line":10,"column":41}},"10":{"start":{"line":11,"column":0},"end":{"line":11,"column":0}},"11":{"start":{"line":12,"column":0},"end":{"line":12,"column":27}},"12":{"start":{"line":13,"column":0},"end":{"line":13,"column":39}},"13":{"start":{"line":14,"column":0},"end":{"line":14,"column":70}},"14":{"start":{"line":15,"column":0},"end":{"line":15,"column":21}},"15":{"start":{"line":16,"column":0},"end":{"line":16,"column":21}},"16":{"start":{"line":17,"column":0},"end":{"line":17,"column":1}},"17":{"start":{"line":18,"column":0},"end":{"line":18,"column":0}},"18":{"start":{"line":19,"column":0},"end":{"line":19,"column":55}},"19":{"start":{"line":20,"column":0},"end":{"line":20,"column":64}},"20":{"start":{"line":21,"column":0},"end":{"line":21,"column":52}},"21":{"start":{"line":22,"column":0},"end":{"line":22,"column":55}},"22":{"start":{"line":23,"column":0},"end":{"line":23,"column":0}},"23":{"start":{"line":24,"column":0},"end":{"line":24,"column":18}},"24":{"start":{"line":25,"column":0},"end":{"line":25,"column":53}},"25":{"start":{"line":26,"column":0},"end":{"line":26,"column":3}},"26":{"start":{"line":27,"column":0},"end":{"line":27,"column":0}},"27":{"start":{"line":28,"column":0},"end":{"line":28,"column":66}},"28":{"start":{"line":29,"column":0},"end":{"line":29,"column":42}},"29":{"start":{"line":30,"column":0},"end":{"line":30,"column":4}},"30":{"start":{"line":31,"column":0},"end":{"line":31,"column":0}},"31":{"start":{"line":32,"column":0},"end":{"line":32,"column":29}},"32":{"start":{"line":33,"column":0},"end":{"line":33,"column":35}},"33":{"start":{"line":34,"column":0},"end":{"line":34,"column":4}},"34":{"start":{"line":35,"column":0},"end":{"line":35,"column":0}},"35":{"start":{"line":36,"column":0},"end":{"line":36,"column":34}},"36":{"start":{"line":37,"column":0},"end":{"line":37,"column":23}},"37":{"start":{"line":38,"column":0},"end":{"line":38,"column":4}},"38":{"start":{"line":39,"column":0},"end":{"line":39,"column":0}},"39":{"start":{"line":40,"column":0},"end":{"line":40,"column":72}},"40":{"start":{"line":41,"column":0},"end":{"line":41,"column":32}},"41":{"start":{"line":42,"column":0},"end":{"line":42,"column":37}},"42":{"start":{"line":43,"column":0},"end":{"line":43,"column":5}},"43":{"start":{"line":44,"column":0},"end":{"line":44,"column":4}},"44":{"start":{"line":45,"column":0},"end":{"line":45,"column":0}},"45":{"start":{"line":46,"column":0},"end":{"line":46,"column":10}},"46":{"start":{"line":47,"column":0},"end":{"line":47,"column":40}},"47":{"start":{"line":48,"column":0},"end":{"line":48,"column":16}},"48":{"start":{"line":49,"column":0},"end":{"line":49,"column":45}},"49":{"start":{"line":50,"column":0},"end":{"line":50,"column":30}},"50":{"start":{"line":51,"column":0},"end":{"line":51,"column":31}},"51":{"start":{"line":52,"column":0},"end":{"line":52,"column":36}},"52":{"start":{"line":53,"column":0},"end":{"line":53,"column":27}},"53":{"start":{"line":54,"column":0},"end":{"line":54,"column":8}},"54":{"start":{"line":55,"column":0},"end":{"line":55,"column":97}},"55":{"start":{"line":56,"column":0},"end":{"line":56,"column":27}},"56":{"start":{"line":57,"column":0},"end":{"line":57,"column":19}},"57":{"start":{"line":58,"column":0},"end":{"line":58,"column":80}},"58":{"start":{"line":59,"column":0},"end":{"line":59,"column":26}},"59":{"start":{"line":60,"column":0},"end":{"line":60,"column":19}},"60":{"start":{"line":61,"column":0},"end":{"line":61,"column":13}},"61":{"start":{"line":62,"column":0},"end":{"line":62,"column":33}},"62":{"start":{"line":63,"column":0},"end":{"line":63,"column":32}},"63":{"start":{"line":64,"column":0},"end":{"line":64,"column":43}},"64":{"start":{"line":65,"column":0},"end":{"line":65,"column":39}},"65":{"start":{"line":66,"column":0},"end":{"line":66,"column":7}},"66":{"start":{"line":67,"column":0},"end":{"line":67,"column":36}},"67":{"start":{"line":68,"column":0},"end":{"line":68,"column":42}},"68":{"start":{"line":69,"column":0},"end":{"line":69,"column":18}},"69":{"start":{"line":70,"column":0},"end":{"line":70,"column":19}},"70":{"start":{"line":71,"column":0},"end":{"line":71,"column":11}},"71":{"start":{"line":72,"column":0},"end":{"line":72,"column":15}},"72":{"start":{"line":73,"column":0},"end":{"line":73,"column":14}},"73":{"start":{"line":74,"column":0},"end":{"line":74,"column":4}},"74":{"start":{"line":75,"column":0},"end":{"line":75,"column":2}}},"s":{"0":1,"1":1,"2":1,"3":1,"4":1,"5":1,"6":1,"7":1,"8":1,"9":1,"10":1,"11":1,"12":1,"13":1,"14":1,"15":1,"16":1,"17":1,"18":1,"19":64,"20":64,"21":64,"22":64,"23":64,"24":0,"25":0,"26":64,"27":64,"28":13,"29":13,"30":64,"31":64,"32":2,"33":2,"34":64,"35":64,"36":0,"37":0,"38":64,"39":64,"40":13,"41":0,"42":0,"43":13,"44":64,"45":64,"46":64,"47":64,"48":64,"49":64,"50":64,"51":64,"52":64,"53":64,"54":64,"55":64,"56":64,"57":64,"58":64,"59":64,"60":64,"61":64,"62":64,"63":64,"64":64,"65":64,"66":64,"67":276,"68":276,"69":276,"70":64,"71":64,"72":64,"73":64,"74":64},"branchMap":{"0":{"type":"branch","line":19,"loc":{"start":{"line":19,"column":26},"end":{"line":75,"column":2}},"locations":[{"start":{"line":19,"column":26},"end":{"line":75,"column":2}}]},"1":{"type":"branch","line":24,"loc":{"start":{"line":24,"column":17},"end":{"line":26,"column":3}},"locations":[{"start":{"line":24,"column":17},"end":{"line":26,"column":3}}]},"2":{"type":"branch","line":28,"loc":{"start":{"line":28,"column":23},"end":{"line":30,"column":4}},"locations":[{"start":{"line":28,"column":23},"end":{"line":30,"column":4}}]},"3":{"type":"branch","line":32,"loc":{"start":{"line":32,"column":22},"end":{"line":34,"column":4}},"locations":[{"start":{"line":32,"column":22},"end":{"line":34,"column":4}}]},"4":{"type":"branch","line":40,"loc":{"start":{"line":40,"column":27},"end":{"line":44,"column":4}},"locations":[{"start":{"line":40,"column":27},"end":{"line":44,"column":4}}]},"5":{"type":"branch","line":41,"loc":{"start":{"line":41,"column":31},"end":{"line":43,"column":5}},"locations":[{"start":{"line":41,"column":31},"end":{"line":43,"column":5}}]},"6":{"type":"branch","line":67,"loc":{"start":{"line":67,"column":25},"end":{"line":70,"column":19}},"locations":[{"start":{"line":67,"column":25},"end":{"line":70,"column":19}}]}},"b":{"0":[64],"1":[0],"2":[13],"3":[2],"4":[13],"5":[0],"6":[276]},"fnMap":{"0":{"name":"SearchPart","decl":{"start":{"line":19,"column":26},"end":{"line":75,"column":2}},"loc":{"start":{"line":19,"column":26},"end":{"line":75,"column":2}},"line":19},"1":{"name":"handleChange","decl":{"start":{"line":28,"column":23},"end":{"line":30,"column":4}},"loc":{"start":{"line":28,"column":23},"end":{"line":30,"column":4}},"line":28},"2":{"name":"handleClick","decl":{"start":{"line":32,"column":22},"end":{"line":34,"column":4}},"loc":{"start":{"line":32,"column":22},"end":{"line":34,"column":4}},"line":32},"3":{"name":"handleErrorClick","decl":{"start":{"line":36,"column":27},"end":{"line":38,"column":4}},"loc":{"start":{"line":36,"column":27},"end":{"line":38,"column":4}},"line":36},"4":{"name":"handlePressEnter","decl":{"start":{"line":40,"column":27},"end":{"line":44,"column":4}},"loc":{"start":{"line":40,"column":27},"end":{"line":44,"column":4}},"line":40}},"f":{"0":64,"1":13,"2":2,"3":0,"4":13}}
,"D:\\pet-projects\\react-study\\React-Q4\\src\\helpers\\prepareValueRequest.ts": {"path":"D:\\pet-projects\\react-study\\React-Q4\\src\\helpers\\prepareValueRequest.ts","all":false,"statementMap":{"0":{"start":{"line":1,"column":0},"end":{"line":1,"column":67}}},"s":{"0":1},"branchMap":{"0":{"type":"branch","line":1,"loc":{"start":{"line":1,"column":35},"end":{"line":1,"column":67}},"locations":[{"start":{"line":1,"column":35},"end":{"line":1,"column":67}}]}},"b":{"0":[2]},"fnMap":{"0":{"name":"prepareValueRequest","decl":{"start":{"line":1,"column":35},"end":{"line":1,"column":67}},"loc":{"start":{"line":1,"column":35},"end":{"line":1,"column":67}},"line":1}},"f":{"0":2}}
,"D:\\pet-projects\\react-study\\React-Q4\\src\\pages\\detail-page\\index.tsx": {"path":"D:\\pet-projects\\react-study\\React-Q4\\src\\pages\\detail-page\\index.tsx","all":false,"statementMap":{"0":{"start":{"line":1,"column":0},"end":{"line":1,"column":34}},"1":{"start":{"line":2,"column":0},"end":{"line":2,"column":93}},"2":{"start":{"line":3,"column":0},"end":{"line":3,"column":58}},"3":{"start":{"line":4,"column":0},"end":{"line":4,"column":66}},"4":{"start":{"line":5,"column":0},"end":{"line":5,"column":62}},"5":{"start":{"line":6,"column":0},"end":{"line":6,"column":49}},"6":{"start":{"line":7,"column":0},"end":{"line":7,"column":51}},"7":{"start":{"line":8,"column":0},"end":{"line":8,"column":40}},"8":{"start":{"line":9,"column":0},"end":{"line":9,"column":44}},"9":{"start":{"line":10,"column":0},"end":{"line":10,"column":0}},"10":{"start":{"line":11,"column":0},"end":{"line":11,"column":39}},"11":{"start":{"line":12,"column":0},"end":{"line":12,"column":0}},"12":{"start":{"line":13,"column":0},"end":{"line":13,"column":41}},"13":{"start":{"line":14,"column":0},"end":{"line":14,"column":0}},"14":{"start":{"line":15,"column":0},"end":{"line":15,"column":23}},"15":{"start":{"line":16,"column":0},"end":{"line":16,"column":22}},"16":{"start":{"line":17,"column":0},"end":{"line":17,"column":29}},"17":{"start":{"line":18,"column":0},"end":{"line":18,"column":34}},"18":{"start":{"line":19,"column":0},"end":{"line":19,"column":37}},"19":{"start":{"line":20,"column":0},"end":{"line":20,"column":39}},"20":{"start":{"line":21,"column":0},"end":{"line":21,"column":36}},"21":{"start":{"line":22,"column":0},"end":{"line":22,"column":1}},"22":{"start":{"line":23,"column":0},"end":{"line":23,"column":0}},"23":{"start":{"line":24,"column":0},"end":{"line":24,"column":33}},"24":{"start":{"line":25,"column":0},"end":{"line":25,"column":29}},"25":{"start":{"line":26,"column":0},"end":{"line":26,"column":54}},"26":{"start":{"line":27,"column":0},"end":{"line":27,"column":96}},"27":{"start":{"line":28,"column":0},"end":{"line":28,"column":36}},"28":{"start":{"line":29,"column":0},"end":{"line":29,"column":60}},"29":{"start":{"line":30,"column":0},"end":{"line":30,"column":33}},"30":{"start":{"line":31,"column":0},"end":{"line":31,"column":0}},"31":{"start":{"line":32,"column":0},"end":{"line":32,"column":19}},"32":{"start":{"line":33,"column":0},"end":{"line":33,"column":112}},"33":{"start":{"line":34,"column":0},"end":{"line":34,"column":84}},"34":{"start":{"line":35,"column":0},"end":{"line":35,"column":18}},"35":{"start":{"line":36,"column":0},"end":{"line":36,"column":36}},"36":{"start":{"line":37,"column":0},"end":{"line":37,"column":36}},"37":{"start":{"line":38,"column":0},"end":{"line":38,"column":6}},"38":{"start":{"line":39,"column":0},"end":{"line":39,"column":9}},"39":{"start":{"line":40,"column":0},"end":{"line":40,"column":0}},"40":{"start":{"line":41,"column":0},"end":{"line":41,"column":29}},"41":{"start":{"line":42,"column":0},"end":{"line":42,"column":25}},"42":{"start":{"line":43,"column":0},"end":{"line":43,"column":18}},"43":{"start":{"line":44,"column":0},"end":{"line":44,"column":4}},"44":{"start":{"line":45,"column":0},"end":{"line":45,"column":0}},"45":{"start":{"line":46,"column":0},"end":{"line":46,"column":88}},"46":{"start":{"line":47,"column":0},"end":{"line":47,"column":28}},"47":{"start":{"line":48,"column":0},"end":{"line":48,"column":4}},"48":{"start":{"line":49,"column":0},"end":{"line":49,"column":0}},"49":{"start":{"line":50,"column":0},"end":{"line":50,"column":10}},"50":{"start":{"line":51,"column":0},"end":{"line":51,"column":97}},"51":{"start":{"line":52,"column":0},"end":{"line":52,"column":14}},"52":{"start":{"line":53,"column":0},"end":{"line":53,"column":34}},"53":{"start":{"line":54,"column":0},"end":{"line":54,"column":37}},"54":{"start":{"line":55,"column":0},"end":{"line":55,"column":26}},"55":{"start":{"line":56,"column":0},"end":{"line":56,"column":27}},"56":{"start":{"line":57,"column":0},"end":{"line":57,"column":37}},"57":{"start":{"line":58,"column":0},"end":{"line":58,"column":7}},"58":{"start":{"line":59,"column":0},"end":{"line":59,"column":36}},"59":{"start":{"line":60,"column":0},"end":{"line":60,"column":26}},"60":{"start":{"line":61,"column":0},"end":{"line":61,"column":99}},"61":{"start":{"line":62,"column":0},"end":{"line":62,"column":30}},"62":{"start":{"line":63,"column":0},"end":{"line":63,"column":23}},"63":{"start":{"line":64,"column":0},"end":{"line":64,"column":14}},"64":{"start":{"line":65,"column":0},"end":{"line":65,"column":44}},"65":{"start":{"line":66,"column":0},"end":{"line":66,"column":16}},"66":{"start":{"line":67,"column":0},"end":{"line":67,"column":10}},"67":{"start":{"line":68,"column":0},"end":{"line":68,"column":4}},"68":{"start":{"line":69,"column":0},"end":{"line":69,"column":2}}},"s":{"0":1,"1":1,"2":1,"3":1,"4":1,"5":1,"6":1,"7":1,"8":1,"9":1,"10":1,"11":1,"12":1,"13":1,"14":1,"15":1,"16":1,"17":1,"18":1,"19":1,"20":1,"21":1,"22":1,"23":1,"24":15,"25":15,"26":15,"27":15,"28":15,"29":15,"30":15,"31":15,"32":5,"33":5,"34":5,"35":5,"36":5,"37":5,"38":15,"39":15,"40":15,"41":1,"42":1,"43":1,"44":15,"45":15,"46":1,"47":1,"48":15,"49":15,"50":15,"51":15,"52":15,"53":15,"54":15,"55":15,"56":15,"57":15,"58":15,"59":15,"60":15,"61":15,"62":15,"63":15,"64":15,"65":15,"66":15,"67":15,"68":15},"branchMap":{"0":{"type":"branch","line":24,"loc":{"start":{"line":24,"column":26},"end":{"line":69,"column":2}},"locations":[{"start":{"line":24,"column":26},"end":{"line":69,"column":2}}]},"1":{"type":"branch","line":65,"loc":{"start":{"line":65,"column":9},"end":{"line":65,"column":44}},"locations":[{"start":{"line":65,"column":9},"end":{"line":65,"column":44}}]},"2":{"type":"branch","line":32,"loc":{"start":{"line":32,"column":12},"end":{"line":39,"column":5}},"locations":[{"start":{"line":32,"column":12},"end":{"line":39,"column":5}}]},"3":{"type":"branch","line":35,"loc":{"start":{"line":35,"column":11},"end":{"line":38,"column":6}},"locations":[{"start":{"line":35,"column":11},"end":{"line":38,"column":6}}]},"4":{"type":"branch","line":41,"loc":{"start":{"line":41,"column":22},"end":{"line":44,"column":4}},"locations":[{"start":{"line":41,"column":22},"end":{"line":44,"column":4}}]},"5":{"type":"branch","line":46,"loc":{"start":{"line":46,"column":30},"end":{"line":48,"column":4}},"locations":[{"start":{"line":46,"column":30},"end":{"line":48,"column":4}}]}},"b":{"0":[15],"1":[5],"2":[5],"3":[5],"4":[1],"5":[1]},"fnMap":{"0":{"name":"DetailPage","decl":{"start":{"line":24,"column":26},"end":{"line":69,"column":2}},"loc":{"start":{"line":24,"column":26},"end":{"line":69,"column":2}},"line":24},"1":{"name":"onCloseCard","decl":{"start":{"line":41,"column":22},"end":{"line":44,"column":4}},"loc":{"start":{"line":41,"column":22},"end":{"line":44,"column":4}},"line":41},"2":{"name":"onStopPropagination","decl":{"start":{"line":46,"column":30},"end":{"line":48,"column":4}},"loc":{"start":{"line":46,"column":30},"end":{"line":48,"column":4}},"line":46},"3":{"name":"onKeyUp","decl":{"start":{"line":51,"column":67},"end":{"line":51,"column":77}},"loc":{"start":{"line":51,"column":67},"end":{"line":51,"column":77}},"line":51},"4":{"name":"onKeyUp","decl":{"start":{"line":55,"column":17},"end":{"line":55,"column":26}},"loc":{"start":{"line":55,"column":17},"end":{"line":55,"column":26}},"line":55}},"f":{"0":15,"1":1,"2":1,"3":0,"4":0}}
,"D:\\pet-projects\\react-study\\React-Q4\\src\\pages\\main-page\\getIdCard.ts": {"path":"D:\\pet-projects\\react-study\\React-Q4\\src\\pages\\main-page\\getIdCard.ts","all":false,"statementMap":{"0":{"start":{"line":1,"column":0},"end":{"line":1,"column":43}},"1":{"start":{"line":2,"column":0},"end":{"line":2,"column":58}},"2":{"start":{"line":3,"column":0},"end":{"line":3,"column":55}},"3":{"start":{"line":4,"column":0},"end":{"line":4,"column":12}},"4":{"start":{"line":5,"column":0},"end":{"line":5,"column":2}}},"s":{"0":1,"1":340,"2":340,"3":340,"4":340},"branchMap":{"0":{"type":"branch","line":1,"loc":{"start":{"line":1,"column":25},"end":{"line":5,"column":2}},"locations":[{"start":{"line":1,"column":25},"end":{"line":5,"column":2}}]}},"b":{"0":[340]},"fnMap":{"0":{"name":"getIdCard","decl":{"start":{"line":1,"column":25},"end":{"line":5,"column":2}},"loc":{"start":{"line":1,"column":25},"end":{"line":5,"column":2}},"line":1}},"f":{"0":340}}
,"D:\\pet-projects\\react-study\\React-Q4\\src\\pages\\main-page\\index.tsx": {"path":"D:\\pet-projects\\react-study\\React-Q4\\src\\pages\\main-page\\index.tsx","all":false,"statementMap":{"0":{"start":{"line":1,"column":0},"end":{"line":1,"column":57}},"1":{"start":{"line":2,"column":0},"end":{"line":2,"column":59}},"2":{"start":{"line":3,"column":0},"end":{"line":3,"column":66}},"3":{"start":{"line":4,"column":0},"end":{"line":4,"column":58}},"4":{"start":{"line":5,"column":0},"end":{"line":5,"column":92}},"5":{"start":{"line":6,"column":0},"end":{"line":6,"column":54}},"6":{"start":{"line":7,"column":0},"end":{"line":7,"column":48}},"7":{"start":{"line":8,"column":0},"end":{"line":8,"column":62}},"8":{"start":{"line":9,"column":0},"end":{"line":9,"column":44}},"9":{"start":{"line":10,"column":0},"end":{"line":10,"column":0}},"10":{"start":{"line":11,"column":0},"end":{"line":11,"column":48}},"11":{"start":{"line":12,"column":0},"end":{"line":12,"column":51}},"12":{"start":{"line":13,"column":0},"end":{"line":13,"column":52}},"13":{"start":{"line":14,"column":0},"end":{"line":14,"column":0}},"14":{"start":{"line":15,"column":0},"end":{"line":15,"column":40}},"15":{"start":{"line":16,"column":0},"end":{"line":16,"column":0}},"16":{"start":{"line":17,"column":0},"end":{"line":17,"column":25}},"17":{"start":{"line":18,"column":0},"end":{"line":18,"column":31}},"18":{"start":{"line":19,"column":0},"end":{"line":19,"column":27}},"19":{"start":{"line":20,"column":0},"end":{"line":20,"column":0}},"20":{"start":{"line":21,"column":0},"end":{"line":21,"column":31}},"21":{"start":{"line":22,"column":0},"end":{"line":22,"column":46}},"22":{"start":{"line":23,"column":0},"end":{"line":23,"column":60}},"23":{"start":{"line":24,"column":0},"end":{"line":24,"column":50}},"24":{"start":{"line":25,"column":0},"end":{"line":25,"column":71}},"25":{"start":{"line":26,"column":0},"end":{"line":26,"column":66}},"26":{"start":{"line":27,"column":0},"end":{"line":27,"column":47}},"27":{"start":{"line":28,"column":0},"end":{"line":28,"column":58}},"28":{"start":{"line":29,"column":0},"end":{"line":29,"column":52}},"29":{"start":{"line":30,"column":0},"end":{"line":30,"column":56}},"30":{"start":{"line":31,"column":0},"end":{"line":31,"column":0}},"31":{"start":{"line":32,"column":0},"end":{"line":32,"column":18}},"32":{"start":{"line":33,"column":0},"end":{"line":33,"column":84}},"33":{"start":{"line":34,"column":0},"end":{"line":34,"column":3}},"34":{"start":{"line":35,"column":0},"end":{"line":35,"column":49}},"35":{"start":{"line":36,"column":0},"end":{"line":36,"column":45}},"36":{"start":{"line":37,"column":0},"end":{"line":37,"column":0}},"37":{"start":{"line":38,"column":0},"end":{"line":38,"column":19}},"38":{"start":{"line":39,"column":0},"end":{"line":39,"column":50}},"39":{"start":{"line":40,"column":0},"end":{"line":40,"column":92}},"40":{"start":{"line":41,"column":0},"end":{"line":41,"column":18}},"41":{"start":{"line":42,"column":0},"end":{"line":42,"column":32}},"42":{"start":{"line":43,"column":0},"end":{"line":43,"column":20}},"43":{"start":{"line":44,"column":0},"end":{"line":44,"column":17}},"44":{"start":{"line":45,"column":0},"end":{"line":45,"column":22}},"45":{"start":{"line":46,"column":0},"end":{"line":46,"column":19}},"46":{"start":{"line":47,"column":0},"end":{"line":47,"column":20}},"47":{"start":{"line":48,"column":0},"end":{"line":48,"column":23}},"48":{"start":{"line":49,"column":0},"end":{"line":49,"column":17}},"49":{"start":{"line":50,"column":0},"end":{"line":50,"column":6}},"50":{"start":{"line":51,"column":0},"end":{"line":51,"column":9}},"51":{"start":{"line":52,"column":0},"end":{"line":52,"column":0}},"52":{"start":{"line":53,"column":0},"end":{"line":53,"column":48}},"53":{"start":{"line":54,"column":0},"end":{"line":54,"column":21}},"54":{"start":{"line":55,"column":0},"end":{"line":55,"column":50}},"55":{"start":{"line":56,"column":0},"end":{"line":56,"column":41}},"56":{"start":{"line":57,"column":0},"end":{"line":57,"column":78}},"57":{"start":{"line":58,"column":0},"end":{"line":58,"column":18}},"58":{"start":{"line":59,"column":0},"end":{"line":59,"column":32}},"59":{"start":{"line":60,"column":0},"end":{"line":60,"column":20}},"60":{"start":{"line":61,"column":0},"end":{"line":61,"column":17}},"61":{"start":{"line":62,"column":0},"end":{"line":62,"column":22}},"62":{"start":{"line":63,"column":0},"end":{"line":63,"column":19}},"63":{"start":{"line":64,"column":0},"end":{"line":64,"column":20}},"64":{"start":{"line":65,"column":0},"end":{"line":65,"column":23}},"65":{"start":{"line":66,"column":0},"end":{"line":66,"column":18}},"66":{"start":{"line":67,"column":0},"end":{"line":67,"column":6}},"67":{"start":{"line":68,"column":0},"end":{"line":68,"column":4}},"68":{"start":{"line":69,"column":0},"end":{"line":69,"column":0}},"69":{"start":{"line":70,"column":0},"end":{"line":70,"column":73}},"70":{"start":{"line":71,"column":0},"end":{"line":71,"column":43}},"71":{"start":{"line":72,"column":0},"end":{"line":72,"column":50}},"72":{"start":{"line":73,"column":0},"end":{"line":73,"column":78}},"73":{"start":{"line":74,"column":0},"end":{"line":74,"column":21}},"74":{"start":{"line":75,"column":0},"end":{"line":75,"column":18}},"75":{"start":{"line":76,"column":0},"end":{"line":76,"column":32}},"76":{"start":{"line":77,"column":0},"end":{"line":77,"column":20}},"77":{"start":{"line":78,"column":0},"end":{"line":78,"column":17}},"78":{"start":{"line":79,"column":0},"end":{"line":79,"column":22}},"79":{"start":{"line":80,"column":0},"end":{"line":80,"column":19}},"80":{"start":{"line":81,"column":0},"end":{"line":81,"column":20}},"81":{"start":{"line":82,"column":0},"end":{"line":82,"column":23}},"82":{"start":{"line":83,"column":0},"end":{"line":83,"column":18}},"83":{"start":{"line":84,"column":0},"end":{"line":84,"column":17}},"84":{"start":{"line":85,"column":0},"end":{"line":85,"column":6}},"85":{"start":{"line":86,"column":0},"end":{"line":86,"column":31}},"86":{"start":{"line":87,"column":0},"end":{"line":87,"column":4}},"87":{"start":{"line":88,"column":0},"end":{"line":88,"column":0}},"88":{"start":{"line":89,"column":0},"end":{"line":89,"column":45}},"89":{"start":{"line":90,"column":0},"end":{"line":90,"column":40}},"90":{"start":{"line":91,"column":0},"end":{"line":91,"column":80}},"91":{"start":{"line":92,"column":0},"end":{"line":92,"column":21}},"92":{"start":{"line":93,"column":0},"end":{"line":93,"column":18}},"93":{"start":{"line":94,"column":0},"end":{"line":94,"column":32}},"94":{"start":{"line":95,"column":0},"end":{"line":95,"column":20}},"95":{"start":{"line":96,"column":0},"end":{"line":96,"column":17}},"96":{"start":{"line":97,"column":0},"end":{"line":97,"column":22}},"97":{"start":{"line":98,"column":0},"end":{"line":98,"column":19}},"98":{"start":{"line":99,"column":0},"end":{"line":99,"column":20}},"99":{"start":{"line":100,"column":0},"end":{"line":100,"column":23}},"100":{"start":{"line":101,"column":0},"end":{"line":101,"column":21}},"101":{"start":{"line":102,"column":0},"end":{"line":102,"column":16}},"102":{"start":{"line":103,"column":0},"end":{"line":103,"column":6}},"103":{"start":{"line":104,"column":0},"end":{"line":104,"column":4}},"104":{"start":{"line":105,"column":0},"end":{"line":105,"column":0}},"105":{"start":{"line":106,"column":0},"end":{"line":106,"column":30}},"106":{"start":{"line":107,"column":0},"end":{"line":107,"column":21}},"107":{"start":{"line":108,"column":0},"end":{"line":108,"column":24}},"108":{"start":{"line":109,"column":0},"end":{"line":109,"column":4}},"109":{"start":{"line":110,"column":0},"end":{"line":110,"column":0}},"110":{"start":{"line":111,"column":0},"end":{"line":111,"column":62}},"111":{"start":{"line":112,"column":0},"end":{"line":112,"column":75}},"112":{"start":{"line":113,"column":0},"end":{"line":113,"column":0}},"113":{"start":{"line":114,"column":0},"end":{"line":114,"column":10}},"114":{"start":{"line":115,"column":0},"end":{"line":115,"column":40}},"115":{"start":{"line":116,"column":0},"end":{"line":116,"column":33}},"116":{"start":{"line":117,"column":0},"end":{"line":117,"column":28}},"117":{"start":{"line":118,"column":0},"end":{"line":118,"column":19}},"118":{"start":{"line":119,"column":0},"end":{"line":119,"column":41}},"119":{"start":{"line":120,"column":0},"end":{"line":120,"column":49}},"120":{"start":{"line":121,"column":0},"end":{"line":121,"column":33}},"121":{"start":{"line":122,"column":0},"end":{"line":122,"column":33}},"122":{"start":{"line":123,"column":0},"end":{"line":123,"column":10}},"123":{"start":{"line":124,"column":0},"end":{"line":124,"column":29}},"124":{"start":{"line":125,"column":0},"end":{"line":125,"column":67}},"125":{"start":{"line":126,"column":0},"end":{"line":126,"column":31}},"126":{"start":{"line":127,"column":0},"end":{"line":127,"column":19}},"127":{"start":{"line":128,"column":0},"end":{"line":128,"column":35}},"128":{"start":{"line":129,"column":0},"end":{"line":129,"column":36}},"129":{"start":{"line":130,"column":0},"end":{"line":130,"column":43}},"130":{"start":{"line":131,"column":0},"end":{"line":131,"column":27}},"131":{"start":{"line":132,"column":0},"end":{"line":132,"column":10}},"132":{"start":{"line":133,"column":0},"end":{"line":133,"column":8}},"133":{"start":{"line":134,"column":0},"end":{"line":134,"column":24}},"134":{"start":{"line":135,"column":0},"end":{"line":135,"column":15}},"135":{"start":{"line":136,"column":0},"end":{"line":136,"column":20}},"136":{"start":{"line":137,"column":0},"end":{"line":137,"column":51}},"137":{"start":{"line":138,"column":0},"end":{"line":138,"column":24}},"138":{"start":{"line":139,"column":0},"end":{"line":139,"column":26}},"139":{"start":{"line":140,"column":0},"end":{"line":140,"column":23}},"140":{"start":{"line":141,"column":0},"end":{"line":141,"column":28}},"141":{"start":{"line":142,"column":0},"end":{"line":142,"column":25}},"142":{"start":{"line":143,"column":0},"end":{"line":143,"column":12}},"143":{"start":{"line":144,"column":0},"end":{"line":144,"column":10}},"144":{"start":{"line":145,"column":0},"end":{"line":145,"column":8}},"145":{"start":{"line":146,"column":0},"end":{"line":146,"column":14}},"146":{"start":{"line":147,"column":0},"end":{"line":147,"column":4}},"147":{"start":{"line":148,"column":0},"end":{"line":148,"column":2}}},"s":{"0":1,"1":1,"2":1,"3":1,"4":1,"5":1,"6":1,"7":1,"8":1,"9":1,"10":1,"11":1,"12":1,"13":1,"14":1,"15":1,"16":1,"17":1,"18":1,"19":1,"20":1,"21":51,"22":51,"23":51,"24":51,"25":51,"26":51,"27":51,"28":51,"29":51,"30":51,"31":51,"32":0,"33":0,"34":51,"35":51,"36":51,"37":51,"38":9,"39":9,"40":9,"41":9,"42":9,"43":9,"44":9,"45":9,"46":9,"47":9,"48":9,"49":9,"50":51,"51":51,"52":51,"53":2,"54":2,"55":2,"56":2,"57":2,"58":2,"59":2,"60":2,"61":2,"62":2,"63":2,"64":2,"65":2,"66":2,"67":2,"68":51,"69":51,"70":0,"71":0,"72":0,"73":0,"74":0,"75":0,"76":0,"77":0,"78":0,"79":0,"80":0,"81":0,"82":0,"83":0,"84":0,"85":0,"86":0,"87":51,"88":51,"89":2,"90":2,"91":2,"92":2,"93":2,"94":2,"95":2,"96":2,"97":2,"98":2,"99":2,"100":2,"101":2,"102":2,"103":2,"104":51,"105":51,"106":5,"107":5,"108":5,"109":51,"110":51,"111":51,"112":51,"113":51,"114":51,"115":51,"116":51,"117":51,"118":51,"119":51,"120":51,"121":51,"122":51,"123":51,"124":51,"125":51,"126":51,"127":51,"128":51,"129":51,"130":51,"131":51,"132":51,"133":51,"134":15,"135":15,"136":15,"137":15,"138":15,"139":15,"140":15,"141":15,"142":15,"143":15,"144":51,"145":51,"146":51,"147":51},"branchMap":{"0":{"type":"branch","line":21,"loc":{"start":{"line":21,"column":24},"end":{"line":148,"column":2}},"locations":[{"start":{"line":21,"column":24},"end":{"line":148,"column":2}}]},"1":{"type":"branch","line":32,"loc":{"start":{"line":32,"column":17},"end":{"line":34,"column":3}},"locations":[{"start":{"line":32,"column":17},"end":{"line":34,"column":3}}]},"2":{"type":"branch","line":112,"loc":{"start":{"line":112,"column":22},"end":{"line":112,"column":54}},"locations":[{"start":{"line":112,"column":22},"end":{"line":112,"column":54}}]},"3":{"type":"branch","line":112,"loc":{"start":{"line":112,"column":50},"end":{"line":112,"column":75}},"locations":[{"start":{"line":112,"column":50},"end":{"line":112,"column":75}}]},"4":{"type":"branch","line":116,"loc":{"start":{"line":116,"column":7},"end":{"line":116,"column":33}},"locations":[{"start":{"line":116,"column":7},"end":{"line":116,"column":33}}]},"5":{"type":"branch","line":134,"loc":{"start":{"line":134,"column":7},"end":{"line":144,"column":10}},"locations":[{"start":{"line":134,"column":7},"end":{"line":144,"column":10}}]},"6":{"type":"branch","line":137,"loc":{"start":{"line":137,"column":25},"end":{"line":137,"column":51}},"locations":[{"start":{"line":137,"column":25},"end":{"line":137,"column":51}}]},"7":{"type":"branch","line":38,"loc":{"start":{"line":38,"column":12},"end":{"line":51,"column":5}},"locations":[{"start":{"line":38,"column":12},"end":{"line":51,"column":5}}]},"8":{"type":"branch","line":39,"loc":{"start":{"line":39,"column":24},"end":{"line":39,"column":50}},"locations":[{"start":{"line":39,"column":24},"end":{"line":39,"column":50}}]},"9":{"type":"branch","line":40,"loc":{"start":{"line":40,"column":49},"end":{"line":40,"column":89}},"locations":[{"start":{"line":40,"column":49},"end":{"line":40,"column":89}}]},"10":{"type":"branch","line":53,"loc":{"start":{"line":53,"column":28},"end":{"line":68,"column":4}},"locations":[{"start":{"line":53,"column":28},"end":{"line":68,"column":4}}]},"11":{"type":"branch","line":89,"loc":{"start":{"line":89,"column":26},"end":{"line":104,"column":4}},"locations":[{"start":{"line":89,"column":26},"end":{"line":104,"column":4}}]},"12":{"type":"branch","line":106,"loc":{"start":{"line":106,"column":23},"end":{"line":109,"column":4}},"locations":[{"start":{"line":106,"column":23},"end":{"line":109,"column":4}}]}},"b":{"0":[51],"1":[0],"2":[38],"3":[13],"4":[32],"5":[15],"6":[5],"7":[9],"8":[8],"9":[8],"10":[2],"11":[2],"12":[5]},"fnMap":{"0":{"name":"MainPage","decl":{"start":{"line":21,"column":24},"end":{"line":148,"column":2}},"loc":{"start":{"line":21,"column":24},"end":{"line":148,"column":2}},"line":21},"1":{"name":"handleClickSearch","decl":{"start":{"line":53,"column":28},"end":{"line":68,"column":4}},"loc":{"start":{"line":53,"column":28},"end":{"line":68,"column":4}},"line":53},"2":{"name":"handleClickOptions","decl":{"start":{"line":70,"column":29},"end":{"line":87,"column":4}},"loc":{"start":{"line":70,"column":29},"end":{"line":87,"column":4}},"line":70},"3":{"name":"clickPagination","decl":{"start":{"line":89,"column":26},"end":{"line":104,"column":4}},"loc":{"start":{"line":89,"column":26},"end":{"line":104,"column":4}},"line":89},"4":{"name":"onShowDetail","decl":{"start":{"line":106,"column":23},"end":{"line":109,"column":4}},"loc":{"start":{"line":106,"column":23},"end":{"line":109,"column":4}},"line":106}},"f":{"0":51,"1":2,"2":0,"3":2,"4":5}}
,"D:\\pet-projects\\react-study\\React-Q4\\src\\pages\\not-found\\index.tsx": {"path":"D:\\pet-projects\\react-study\\React-Q4\\src\\pages\\not-found\\index.tsx","all":false,"statementMap":{"0":{"start":{"line":1,"column":0},"end":{"line":1,"column":40}},"1":{"start":{"line":2,"column":0},"end":{"line":2,"column":0}},"2":{"start":{"line":3,"column":0},"end":{"line":3,"column":31}},"3":{"start":{"line":4,"column":0},"end":{"line":4,"column":30}},"4":{"start":{"line":5,"column":0},"end":{"line":5,"column":21}},"5":{"start":{"line":6,"column":0},"end":{"line":6,"column":8}},"6":{"start":{"line":7,"column":0},"end":{"line":7,"column":2}}},"s":{"0":1,"1":1,"2":1,"3":1,"4":1,"5":1,"6":1},"branchMap":{"0":{"type":"branch","line":3,"loc":{"start":{"line":3,"column":24},"end":{"line":6,"column":8}},"locations":[{"start":{"line":3,"column":24},"end":{"line":6,"column":8}}]}},"b":{"0":[1]},"fnMap":{"0":{"name":"NotFound","decl":{"start":{"line":3,"column":24},"end":{"line":6,"column":8}},"loc":{"start":{"line":3,"column":24},"end":{"line":6,"column":8}},"line":3}},"f":{"0":1}}
,"D:\\pet-projects\\react-study\\React-Q4\\src\\service\\api.ts": {"path":"D:\\pet-projects\\react-study\\React-Q4\\src\\service\\api.ts","all":false,"statementMap":{"0":{"start":{"line":1,"column":0},"end":{"line":1,"column":52}},"1":{"start":{"line":2,"column":0},"end":{"line":2,"column":37}}},"s":{"0":1,"1":1},"branchMap":{},"b":{},"fnMap":{},"f":{}}
,"D:\\pet-projects\\react-study\\React-Q4\\src\\service\\getPlanetById.ts": {"path":"D:\\pet-projects\\react-study\\React-Q4\\src\\service\\getPlanetById.ts","all":false,"statementMap":{"0":{"start":{"line":1,"column":0},"end":{"line":1,"column":45}},"1":{"start":{"line":2,"column":0},"end":{"line":2,"column":0}},"2":{"start":{"line":3,"column":0},"end":{"line":3,"column":28}},"3":{"start":{"line":4,"column":0},"end":{"line":4,"column":0}},"4":{"start":{"line":5,"column":0},"end":{"line":5,"column":52}},"5":{"start":{"line":6,"column":0},"end":{"line":6,"column":29}},"6":{"start":{"line":7,"column":0},"end":{"line":7,"column":36}},"7":{"start":{"line":8,"column":0},"end":{"line":8,"column":20}},"8":{"start":{"line":9,"column":0},"end":{"line":9,"column":52}},"9":{"start":{"line":10,"column":0},"end":{"line":10,"column":18}},"10":{"start":{"line":11,"column":0},"end":{"line":11,"column":3}},"11":{"start":{"line":12,"column":0},"end":{"line":12,"column":14}},"12":{"start":{"line":13,"column":0},"end":{"line":13,"column":2}}},"s":{"0":1,"1":1,"2":1,"3":1,"4":1,"5":5,"6":5,"7":5,"8":5,"9":5,"10":5,"11":0,"12":0},"branchMap":{"0":{"type":"branch","line":5,"loc":{"start":{"line":5,"column":29},"end":{"line":13,"column":2}},"locations":[{"start":{"line":5,"column":29},"end":{"line":13,"column":2}}]},"1":{"type":"branch","line":11,"loc":{"start":{"line":11,"column":2},"end":{"line":13,"column":2}},"locations":[{"start":{"line":11,"column":2},"end":{"line":13,"column":2}}]}},"b":{"0":[5],"1":[0]},"fnMap":{"0":{"name":"getPlanetById","decl":{"start":{"line":5,"column":29},"end":{"line":13,"column":2}},"loc":{"start":{"line":5,"column":29},"end":{"line":13,"column":2}},"line":5}},"f":{"0":5}}
,"D:\\pet-projects\\react-study\\React-Q4\\src\\service\\getPlanets.ts": {"path":"D:\\pet-projects\\react-study\\React-Q4\\src\\service\\getPlanets.ts","all":false,"statementMap":{"0":{"start":{"line":1,"column":0},"end":{"line":1,"column":53}},"1":{"start":{"line":2,"column":0},"end":{"line":2,"column":0}},"2":{"start":{"line":3,"column":0},"end":{"line":3,"column":28}},"3":{"start":{"line":4,"column":0},"end":{"line":4,"column":0}},"4":{"start":{"line":5,"column":0},"end":{"line":5,"column":71}},"5":{"start":{"line":6,"column":0},"end":{"line":6,"column":89}},"6":{"start":{"line":7,"column":0},"end":{"line":7,"column":54}},"7":{"start":{"line":8,"column":0},"end":{"line":8,"column":20}},"8":{"start":{"line":9,"column":0},"end":{"line":9,"column":60}},"9":{"start":{"line":10,"column":0},"end":{"line":10,"column":18}},"10":{"start":{"line":11,"column":0},"end":{"line":11,"column":3}},"11":{"start":{"line":12,"column":0},"end":{"line":12,"column":14}},"12":{"start":{"line":13,"column":0},"end":{"line":13,"column":2}}},"s":{"0":1,"1":1,"2":1,"3":1,"4":1,"5":13,"6":13,"7":13,"8":13,"9":13,"10":13,"11":0,"12":0},"branchMap":{"0":{"type":"branch","line":5,"loc":{"start":{"line":5,"column":26},"end":{"line":13,"column":2}},"locations":[{"start":{"line":5,"column":26},"end":{"line":13,"column":2}}]},"1":{"type":"branch","line":6,"loc":{"start":{"line":6,"column":21},"end":{"line":6,"column":73}},"locations":[{"start":{"line":6,"column":21},"end":{"line":6,"column":73}}]},"2":{"type":"branch","line":6,"loc":{"start":{"line":6,"column":68},"end":{"line":6,"column":89}},"locations":[{"start":{"line":6,"column":68},"end":{"line":6,"column":89}}]},"3":{"type":"branch","line":11,"loc":{"start":{"line":11,"column":2},"end":{"line":13,"column":2}},"locations":[{"start":{"line":11,"column":2},"end":{"line":13,"column":2}}]}},"b":{"0":[13],"1":[2],"2":[11],"3":[0]},"fnMap":{"0":{"name":"getPlanets","decl":{"start":{"line":5,"column":26},"end":{"line":13,"column":2}},"loc":{"start":{"line":5,"column":26},"end":{"line":13,"column":2}},"line":5}},"f":{"0":13}}
,"D:\\pet-projects\\react-study\\React-Q4\\src\\service\\getUpdateParams.ts": {"path":"D:\\pet-projects\\react-study\\React-Q4\\src\\service\\getUpdateParams.ts","all":false,"statementMap":{"0":{"start":{"line":1,"column":0},"end":{"line":1,"column":65}},"1":{"start":{"line":2,"column":0},"end":{"line":2,"column":24}},"2":{"start":{"line":3,"column":0},"end":{"line":3,"column":9}},"3":{"start":{"line":4,"column":0},"end":{"line":4,"column":18}},"4":{"start":{"line":5,"column":0},"end":{"line":5,"column":4}},"5":{"start":{"line":6,"column":0},"end":{"line":6,"column":22}},"6":{"start":{"line":7,"column":0},"end":{"line":7,"column":2}}},"s":{"0":1,"1":18,"2":18,"3":18,"4":18,"5":18,"6":18},"branchMap":{"0":{"type":"branch","line":1,"loc":{"start":{"line":1,"column":31},"end":{"line":7,"column":2}},"locations":[{"start":{"line":1,"column":31},"end":{"line":7,"column":2}}]}},"b":{"0":[18]},"fnMap":{"0":{"name":"getUpdateParams","decl":{"start":{"line":1,"column":31},"end":{"line":7,"column":2}},"loc":{"start":{"line":1,"column":31},"end":{"line":7,"column":2}},"line":1}},"f":{"0":18}}
,"D:\\pet-projects\\react-study\\React-Q4\\src\\service\\localStorageApi.ts": {"path":"D:\\pet-projects\\react-study\\React-Q4\\src\\service\\localStorageApi.ts","all":false,"statementMap":{"0":{"start":{"line":1,"column":0},"end":{"line":1,"column":36}},"1":{"start":{"line":2,"column":0},"end":{"line":2,"column":0}},"2":{"start":{"line":3,"column":0},"end":{"line":3,"column":85}},"3":{"start":{"line":4,"column":0},"end":{"line":4,"column":0}},"4":{"start":{"line":5,"column":0},"end":{"line":5,"column":100}}},"s":{"0":1,"1":1,"2":1,"3":1,"4":1},"branchMap":{"0":{"type":"branch","line":3,"loc":{"start":{"line":3,"column":39},"end":{"line":3,"column":85}},"locations":[{"start":{"line":3,"column":39},"end":{"line":3,"column":85}}]},"1":{"type":"branch","line":3,"loc":{"start":{"line":3,"column":77},"end":{"line":3,"column":85}},"locations":[{"start":{"line":3,"column":77},"end":{"line":3,"column":85}}]},"2":{"type":"branch","line":5,"loc":{"start":{"line":5,"column":40},"end":{"line":5,"column":100}},"locations":[{"start":{"line":5,"column":40},"end":{"line":5,"column":100}}]}},"b":{"0":[41],"1":[35],"2":[2]},"fnMap":{"0":{"name":"getPrevRequestFromLocal","decl":{"start":{"line":3,"column":39},"end":{"line":3,"column":85}},"loc":{"start":{"line":3,"column":39},"end":{"line":3,"column":85}},"line":3},"1":{"name":"setCurrentRequestInLocal","decl":{"start":{"line":5,"column":40},"end":{"line":5,"column":100}},"loc":{"start":{"line":5,"column":40},"end":{"line":5,"column":100}},"line":5}},"f":{"0":41,"1":2}}
[...]
ine":160,"column":0},"end":{"line":160,"column":71}},"160":{"start":{"line":161,"column":0},"end":{"line":161,"column":32}},"161":{"start":{"line":162,"column":0},"end":{"line":162,"column":10}},"162":{"start":{"line":163,"column":0},"end":{"line":163,"column":16}},"163":{"start":{"line":164,"column":0},"end":{"line":164,"column":14}},"164":{"start":{"line":165,"column":0},"end":{"line":165,"column":14}},"165":{"start":{"line":166,"column":0},"end":{"line":166,"column":18}},"166":{"start":{"line":167,"column":0},"end":{"line":167,"column":19}},"167":{"start":{"line":168,"column":0},"end":{"line":168,"column":99}},"168":{"start":{"line":169,"column":0},"end":{"line":169,"column":99}},"169":{"start":{"line":170,"column":0},"end":{"line":170,"column":66}},"170":{"start":{"line":171,"column":0},"end":{"line":171,"column":39}},"171":{"start":{"line":172,"column":0},"end":{"line":172,"column":36}},"172":{"start":{"line":173,"column":0},"end":{"line":173,"column":11}},"173":{"start":{"line":174,"column":0},"end":{"line":174,"column":10}},"174":{"start":{"line":175,"column":0},"end":{"line":175,"column":53}},"175":{"start":{"line":176,"column":0},"end":{"line":176,"column":15}},"176":{"start":{"line":177,"column":0},"end":{"line":177,"column":17}},"177":{"start":{"line":178,"column":0},"end":{"line":178,"column":4}},"178":{"start":{"line":179,"column":0},"end":{"line":179,"column":2}},"179":{"start":{"line":180,"column":0},"end":{"line":180,"column":0}},"180":{"start":{"line":181,"column":0},"end":{"line":181,"column":64}},"181":{"start":{"line":182,"column":0},"end":{"line":182,"column":73}},"182":{"start":{"line":183,"column":0},"end":{"line":183,"column":0}},"183":{"start":{"line":184,"column":0},"end":{"line":184,"column":58}},"184":{"start":{"line":185,"column":0},"end":{"line":185,"column":49}},"185":{"start":{"line":186,"column":0},"end":{"line":186,"column":37}},"186":{"start":{"line":187,"column":0},"end":{"line":187,"column":24}},"187":{"start":{"line":188,"column":0},"end":{"line":188,"column":17}},"188":{"start":{"line":189,"column":0},"end":{"line":189,"column":19}},"189":{"start":{"line":190,"column":0},"end":{"line":190,"column":22}},"190":{"start":{"line":191,"column":0},"end":{"line":191,"column":55}},"191":{"start":{"line":192,"column":0},"end":{"line":192,"column":11}},"192":{"start":{"line":193,"column":0},"end":{"line":193,"column":15}},"193":{"start":{"line":194,"column":0},"end":{"line":194,"column":7}},"194":{"start":{"line":195,"column":0},"end":{"line":195,"column":3}},"195":{"start":{"line":196,"column":0},"end":{"line":196,"column":0}},"196":{"start":{"line":197,"column":0},"end":{"line":197,"column":35}},"197":{"start":{"line":198,"column":0},"end":{"line":198,"column":22}},"198":{"start":{"line":199,"column":0},"end":{"line":199,"column":15}},"199":{"start":{"line":200,"column":0},"end":{"line":200,"column":17}},"200":{"start":{"line":201,"column":0},"end":{"line":201,"column":20}},"201":{"start":{"line":202,"column":0},"end":{"line":202,"column":65}},"202":{"start":{"line":203,"column":0},"end":{"line":203,"column":9}},"203":{"start":{"line":204,"column":0},"end":{"line":204,"column":13}},"204":{"start":{"line":205,"column":0},"end":{"line":205,"column":5}},"205":{"start":{"line":206,"column":0},"end":{"line":206,"column":1}},"206":{"start":{"line":207,"column":0},"end":{"line":207,"column":0}},"207":{"start":{"line":208,"column":0},"end":{"line":208,"column":51}},"208":{"start":{"line":209,"column":0},"end":{"line":209,"column":49}},"209":{"start":{"line":210,"column":0},"end":{"line":210,"column":28}},"210":{"start":{"line":211,"column":0},"end":{"line":211,"column":15}},"211":{"start":{"line":212,"column":0},"end":{"line":212,"column":18}},"212":{"start":{"line":213,"column":0},"end":{"line":213,"column":51}},"213":{"start":{"line":214,"column":0},"end":{"line":214,"column":7}},"214":{"start":{"line":215,"column":0},"end":{"line":215,"column":3}},"215":{"start":{"line":216,"column":0},"end":{"line":216,"column":0}},"216":{"start":{"line":217,"column":0},"end":{"line":217,"column":26}},"217":{"start":{"line":218,"column":0},"end":{"line":218,"column":13}},"218":{"start":{"line":219,"column":0},"end":{"line":219,"column":16}},"219":{"start":{"line":220,"column":0},"end":{"line":220,"column":61}},"220":{"start":{"line":221,"column":0},"end":{"line":221,"column":5}},"221":{"start":{"line":222,"column":0},"end":{"line":222,"column":1}}},"s":{"0":1,"1":1,"2":1,"3":1,"4":1,"5":1,"6":1,"7":1,"8":1,"9":1,"10":1,"11":1,"12":1,"13":1,"14":1,"15":1,"16":1,"17":1,"18":1,"19":1,"20":1,"21":1,"22":1,"23":1,"24":1,"25":1,"26":1,"27":1,"28":1,"29":1,"30":1,"31":1,"32":1,"33":1,"34":1,"35":1,"36":1,"37":1,"38":1,"39":1,"40":1,"41":1,"42":1,"43":1,"44":1,"45":1,"46":1,"47":1,"48":1,"49":1,"50":1,"51":1,"52":1,"53":1,"54":1,"55":1,"56":1,"57":1,"58":1,"59":1,"60":1,"61":1,"62":1,"63":1,"64":1,"65":1,"66":1,"67":1,"68":1,"69":1,"70":1,"71":1,"72":1,"73":1,"74":1,"75":1,"76":1,"77":1,"78":1,"79":1,"80":1,"81":1,"82":1,"83":1,"84":1,"85":1,"86":1,"87":1,"88":1,"89":1,"90":1,"91":1,"92":1,"93":1,"94":1,"95":1,"96":1,"97":1,"98":1,"99":1,"100":1,"101":1,"102":1,"103":1,"104":1,"105":1,"106":1,"107":1,"108":1,"109":1,"110":1,"111":1,"112":1,"113":1,"114":1,"115":1,"116":1,"117":1,"118":1,"119":1,"120":1,"121":1,"122":1,"123":1,"124":1,"125":1,"126":1,"127":1,"128":1,"129":1,"130":1,"131":1,"132":1,"133":1,"134":1,"135":1,"136":2,"137":2,"138":2,"139":2,"140":2,"141":2,"142":2,"143":2,"144":2,"145":2,"146":2,"147":2,"148":2,"149":2,"150":2,"151":2,"152":2,"153":1,"154":1,"155":1,"156":1,"157":1,"158":1,"159":1,"160":0,"161":0,"162":0,"163":0,"164":0,"165":0,"166":0,"167":0,"168":0,"169":0,"170":0,"171":0,"172":0,"173":0,"174":0,"175":0,"176":0,"177":0,"178":0,"179":1,"180":1,"181":1,"182":1,"183":7,"184":7,"185":3,"186":3,"187":3,"188":3,"189":3,"190":3,"191":3,"192":3,"193":3,"194":3,"195":4,"196":4,"197":4,"198":4,"199":4,"200":4,"201":4,"202":4,"203":4,"204":4,"205":4,"206":1,"207":11,"208":11,"209":2,"210":2,"211":2,"212":2,"213":2,"214":2,"215":9,"216":9,"217":9,"218":9,"219":9,"220":9,"221":9},"branchMap":{"0":{"type":"branch","line":136,"loc":{"start":{"line":136,"column":30},"end":{"line":153,"column":2}},"locations":[{"start":{"line":136,"column":30},"end":{"line":153,"column":2}}]},"1":{"type":"branch","line":184,"loc":{"start":{"line":184,"column":0},"end":{"line":206,"column":1}},"locations":[{"start":{"line":184,"column":0},"end":{"line":206,"column":1}}]},"2":{"type":"branch","line":185,"loc":{"start":{"line":185,"column":48},"end":{"line":195,"column":3}},"locations":[{"start":{"line":185,"column":48},"end":{"line":195,"column":3}}]},"3":{"type":"branch","line":195,"loc":{"start":{"line":195,"column":2},"end":{"line":206,"column":1}},"locations":[{"start":{"line":195,"column":2},"end":{"line":206,"column":1}}]},"4":{"type":"branch","line":186,"loc":{"start":{"line":186,"column":23},"end":{"line":194,"column":5}},"locations":[{"start":{"line":186,"column":23},"end":{"line":194,"column":5}}]},"5":{"type":"branch","line":187,"loc":{"start":{"line":187,"column":17},"end":{"line":193,"column":9}},"locations":[{"start":{"line":187,"column":17},"end":{"line":193,"column":9}}]},"6":{"type":"branch","line":191,"loc":{"start":{"line":191,"column":16},"end":{"line":191,"column":55}},"locations":[{"start":{"line":191,"column":16},"end":{"line":191,"column":55}}]},"7":{"type":"branch","line":197,"loc":{"start":{"line":197,"column":21},"end":{"line":205,"column":3}},"locations":[{"start":{"line":197,"column":21},"end":{"line":205,"column":3}}]},"8":{"type":"branch","line":198,"loc":{"start":{"line":198,"column":15},"end":{"line":204,"column":7}},"locations":[{"start":{"line":198,"column":15},"end":{"line":204,"column":7}}]},"9":{"type":"branch","line":202,"loc":{"start":{"line":202,"column":14},"end":{"line":202,"column":65}},"locations":[{"start":{"line":202,"column":14},"end":{"line":202,"column":65}}]},"10":{"type":"branch","line":208,"loc":{"start":{"line":208,"column":0},"end":{"line":222,"column":1}},"locations":[{"start":{"line":208,"column":0},"end":{"line":222,"column":1}}]},"11":{"type":"branch","line":209,"loc":{"start":{"line":209,"column":48},"end":{"line":222,"column":1}},"locations":[{"start":{"line":209,"column":48},"end":{"line":222,"column":1}}]},"12":{"type":"branch","line":209,"loc":{"start":{"line":209,"column":48},"end":{"line":215,"column":3}},"locations":[{"start":{"line":209,"column":48},"end":{"line":215,"column":3}}]},"13":{"type":"branch","line":213,"loc":{"start":{"line":213,"column":12},"end":{"line":213,"column":51}},"locations":[{"start":{"line":213,"column":12},"end":{"line":213,"column":51}}]},"14":{"type":"branch","line":220,"loc":{"start":{"line":220,"column":10},"end":{"line":220,"column":61}},"locations":[{"start":{"line":220,"column":10},"end":{"line":220,"column":61}}]}},"b":{"0":[2],"1":[7],"2":[3],"3":[4],"4":[3],"5":[3],"6":[3],"7":[4],"8":[4],"9":[4],"10":[11],"11":[9],"12":[2],"13":[2],"14":[9]},"fnMap":{"0":{"name":"FAKE_COMPONENT","decl":{"start":{"line":136,"column":30},"end":{"line":153,"column":2}},"loc":{"start":{"line":136,"column":30},"end":{"line":153,"column":2}},"line":136},"1":{"name":"mockFunction","decl":{"start":{"line":137,"column":23},"end":{"line":137,"column":32}},"loc":{"start":{"line":137,"column":23},"end":{"line":137,"column":32}},"line":137},"2":{"name":"clickCard","decl":{"start":{"line":145,"column":35},"end":{"line":145,"column":45}},"loc":{"start":{"line":145,"column":35},"end":{"line":145,"column":45}},"line":145},"3":{"name":"FAKE_FULL_COMPONENT","decl":{"start":{"line":160,"column":35},"end":{"line":179,"column":2}},"loc":{"start":{"line":160,"column":35},"end":{"line":179,"column":2}},"line":160},"4":{"name":"mockTimeoutFetch","decl":{"start":{"line":184,"column":0},"end":{"line":206,"column":1}},"loc":{"start":{"line":184,"column":0},"end":{"line":206,"column":1}},"line":184},"5":{"name":"resolve.ok","decl":{"start":{"line":186,"column":23},"end":{"line":194,"column":5}},"loc":{"start":{"line":186,"column":23},"end":{"line":194,"column":5}},"line":186},"6":{"name":"json","decl":{"start":{"line":191,"column":16},"end":{"line":191,"column":55}},"loc":{"start":{"line":191,"column":16},"end":{"line":191,"column":55}},"line":191},"7":{"name":"json","decl":{"start":{"line":202,"column":14},"end":{"line":202,"column":65}},"loc":{"start":{"line":202,"column":14},"end":{"line":202,"column":65}},"line":202},"8":{"name":"mockFetch","decl":{"start":{"line":208,"column":0},"end":{"line":222,"column":1}},"loc":{"start":{"line":208,"column":0},"end":{"line":222,"column":1}},"line":208},"9":{"name":"json","decl":{"start":{"line":213,"column":12},"end":{"line":213,"column":51}},"loc":{"start":{"line":213,"column":12},"end":{"line":213,"column":51}},"line":213},"10":{"name":"json","decl":{"start":{"line":220,"column":10},"end":{"line":220,"column":61}},"loc":{"start":{"line":220,"column":10},"end":{"line":220,"column":61}},"line":220}},"f":{"0":2,"1":0,"2":0,"3":0,"4":7,"5":3,"6":3,"7":4,"8":11,"9":2,"10":9}}
,"D:\\pet-projects\\react-study\\React-Q4\\src\\types\\enum\\attributs.ts": {"path":"D:\\pet-projects\\react-study\\React-Q4\\src\\types\\enum\\attributs.ts","all":false,"statementMap":{"0":{"start":{"line":1,"column":0},"end":{"line":1,"column":30}},"1":{"start":{"line":2,"column":0},"end":{"line":2,"column":16}},"2":{"start":{"line":3,"column":0},"end":{"line":3,"column":1}}},"s":{"0":1,"1":1,"2":1},"branchMap":{"0":{"type":"branch","line":1,"loc":{"start":{"line":1,"column":7},"end":{"line":1,"column":30}},"locations":[{"start":{"line":1,"column":7},"end":{"line":1,"column":30}}]}},"b":{"0":[4]},"fnMap":{},"f":{}}
,"D:\\pet-projects\\react-study\\React-Q4\\src\\types\\enum\\classes.ts": {"path":"D:\\pet-projects\\react-study\\React-Q4\\src\\types\\enum\\classes.ts","all":false,"statementMap":{"0":{"start":{"line":1,"column":0},"end":{"line":1,"column":32}},"1":{"start":{"line":2,"column":0},"end":{"line":2,"column":30}},"2":{"start":{"line":3,"column":0},"end":{"line":3,"column":1}},"3":{"start":{"line":4,"column":0},"end":{"line":4,"column":0}},"4":{"start":{"line":5,"column":0},"end":{"line":5,"column":33}},"5":{"start":{"line":6,"column":0},"end":{"line":6,"column":28}},"6":{"start":{"line":7,"column":0},"end":{"line":7,"column":26}},"7":{"start":{"line":8,"column":0},"end":{"line":8,"column":36}},"8":{"start":{"line":9,"column":0},"end":{"line":9,"column":50}},"9":{"start":{"line":10,"column":0},"end":{"line":10,"column":1}}},"s":{"0":1,"1":1,"2":1,"3":1,"4":1,"5":1,"6":1,"7":1,"8":1,"9":1},"branchMap":{"0":{"type":"branch","line":1,"loc":{"start":{"line":1,"column":7},"end":{"line":1,"column":32}},"locations":[{"start":{"line":1,"column":7},"end":{"line":1,"column":32}}]},"1":{"type":"branch","line":5,"loc":{"start":{"line":5,"column":7},"end":{"line":5,"column":33}},"locations":[{"start":{"line":5,"column":7},"end":{"line":5,"column":33}}]}},"b":{"0":[5],"1":[5]},"fnMap":{},"f":{}}
,"D:\\pet-projects\\react-study\\React-Q4\\src\\ui\\base-button\\index.tsx": {"path":"D:\\pet-projects\\react-study\\React-Q4\\src\\ui\\base-button\\index.tsx","all":false,"statementMap":{"0":{"start":{"line":1,"column":0},"end":{"line":1,"column":50}},"1":{"start":{"line":2,"column":0},"end":{"line":2,"column":24}},"2":{"start":{"line":3,"column":0},"end":{"line":3,"column":51}},"3":{"start":{"line":4,"column":0},"end":{"line":4,"column":0}},"4":{"start":{"line":5,"column":0},"end":{"line":5,"column":40}},"5":{"start":{"line":6,"column":0},"end":{"line":6,"column":0}},"6":{"start":{"line":7,"column":0},"end":{"line":7,"column":75}},"7":{"start":{"line":8,"column":0},"end":{"line":8,"column":24}},"8":{"start":{"line":9,"column":0},"end":{"line":9,"column":44}},"9":{"start":{"line":10,"column":0},"end":{"line":10,"column":22}},"10":{"start":{"line":11,"column":0},"end":{"line":11,"column":1}},"11":{"start":{"line":12,"column":0},"end":{"line":12,"column":0}},"12":{"start":{"line":13,"column":0},"end":{"line":13,"column":55}},"13":{"start":{"line":14,"column":0},"end":{"line":14,"column":58}},"14":{"start":{"line":15,"column":0},"end":{"line":15,"column":42}},"15":{"start":{"line":16,"column":0},"end":{"line":16,"column":25}},"16":{"start":{"line":17,"column":0},"end":{"line":17,"column":67}},"17":{"start":{"line":18,"column":0},"end":{"line":18,"column":45}},"18":{"start":{"line":19,"column":0},"end":{"line":19,"column":10}},"19":{"start":{"line":20,"column":0},"end":{"line":20,"column":75}},"20":{"start":{"line":21,"column":0},"end":{"line":21,"column":16}},"21":{"start":{"line":22,"column":0},"end":{"line":22,"column":13}},"22":{"start":{"line":23,"column":0},"end":{"line":23,"column":4}},"23":{"start":{"line":24,"column":0},"end":{"line":24,"column":2}}},"s":{"0":1,"1":1,"2":1,"3":1,"4":1,"5":1,"6":1,"7":1,"8":1,"9":1,"10":1,"11":1,"12":1,"13":398,"14":398,"15":398,"16":51,"17":347,"18":398,"19":398,"20":398,"21":398,"22":398,"23":398},"branchMap":{"0":{"type":"branch","line":13,"loc":{"start":{"line":13,"column":26},"end":{"line":24,"column":2}},"locations":[{"start":{"line":13,"column":26},"end":{"line":24,"column":2}}]},"1":{"type":"branch","line":16,"loc":{"start":{"line":16,"column":18},"end":{"line":17,"column":67}},"locations":[{"start":{"line":16,"column":18},"end":{"line":17,"column":67}}]},"2":{"type":"branch","line":17,"loc":{"start":{"line":17,"column":66},"end":{"line":18,"column":45}},"locations":[{"start":{"line":17,"column":66},"end":{"line":18,"column":45}}]},"3":{"type":"branch","line":17,"loc":{"start":{"line":17,"column":27},"end":{"line":17,"column":49}},"locations":[{"start":{"line":17,"column":27},"end":{"line":17,"column":49}}]}},"b":{"0":[398],"1":[51],"2":[347],"3":[102]},"fnMap":{"0":{"name":"BaseButton","decl":{"start":{"line":13,"column":26},"end":{"line":24,"column":2}},"loc":{"start":{"line":13,"column":26},"end":{"line":24,"column":2}},"line":13}},"f":{"0":398}}
,"D:\\pet-projects\\react-study\\React-Q4\\src\\ui\\base-error\\index.tsx": {"path":"D:\\pet-projects\\react-study\\React-Q4\\src\\ui\\base-error\\index.tsx","all":false,"statementMap":{"0":{"start":{"line":1,"column":0},"end":{"line":1,"column":40}},"1":{"start":{"line":2,"column":0},"end":{"line":2,"column":0}},"2":{"start":{"line":3,"column":0},"end":{"line":3,"column":32}},"3":{"start":{"line":4,"column":0},"end":{"line":4,"column":34}},"4":{"start":{"line":5,"column":0},"end":{"line":5,"column":34}},"5":{"start":{"line":6,"column":0},"end":{"line":6,"column":38}},"6":{"start":{"line":7,"column":0},"end":{"line":7,"column":8}},"7":{"start":{"line":8,"column":0},"end":{"line":8,"column":2}}},"s":{"0":1,"1":1,"2":1,"3":0,"4":0,"5":0,"6":0,"7":1},"branchMap":{},"b":{},"fnMap":{"0":{"name":"BaseError","decl":{"start":{"line":3,"column":25},"end":{"line":7,"column":8}},"loc":{"start":{"line":3,"column":25},"end":{"line":7,"column":8}},"line":3}},"f":{"0":0}}
,"D:\\pet-projects\\react-study\\React-Q4\\src\\ui\\base-input\\index.tsx": {"path":"D:\\pet-projects\\react-study\\React-Q4\\src\\ui\\base-input\\index.tsx","all":false,"statementMap":{"0":{"start":{"line":1,"column":0},"end":{"line":1,"column":57}},"1":{"start":{"line":2,"column":0},"end":{"line":2,"column":24}},"2":{"start":{"line":3,"column":0},"end":{"line":3,"column":50}},"3":{"start":{"line":4,"column":0},"end":{"line":4,"column":50}},"4":{"start":{"line":5,"column":0},"end":{"line":5,"column":0}},"5":{"start":{"line":6,"column":0},"end":{"line":6,"column":40}},"6":{"start":{"line":7,"column":0},"end":{"line":7,"column":0}},"7":{"start":{"line":8,"column":0},"end":{"line":8,"column":72}},"8":{"start":{"line":9,"column":0},"end":{"line":9,"column":16}},"9":{"start":{"line":10,"column":0},"end":{"line":10,"column":19}},"10":{"start":{"line":11,"column":0},"end":{"line":11,"column":27}},"11":{"start":{"line":12,"column":0},"end":{"line":12,"column":59}},"12":{"start":{"line":13,"column":0},"end":{"line":13,"column":1}},"13":{"start":{"line":14,"column":0},"end":{"line":14,"column":0}},"14":{"start":{"line":15,"column":0},"end":{"line":15,"column":53}},"15":{"start":{"line":16,"column":0},"end":{"line":16,"column":64}},"16":{"start":{"line":17,"column":0},"end":{"line":17,"column":59}},"17":{"start":{"line":18,"column":0},"end":{"line":18,"column":96}},"18":{"start":{"line":19,"column":0},"end":{"line":19,"column":2}}},"s":{"0":1,"1":1,"2":1,"3":1,"4":1,"5":1,"6":1,"7":1,"8":1,"9":1,"10":1,"11":1,"12":1,"13":1,"14":1,"15":64,"16":64,"17":64,"18":64},"branchMap":{"0":{"type":"branch","line":15,"loc":{"start":{"line":15,"column":25},"end":{"line":19,"column":2}},"locations":[{"start":{"line":15,"column":25},"end":{"line":19,"column":2}}]}},"b":{"0":[64]},"fnMap":{"0":{"name":"BaseInput","decl":{"start":{"line":15,"column":25},"end":{"line":19,"column":2}},"loc":{"start":{"line":15,"column":25},"end":{"line":19,"column":2}},"line":15}},"f":{"0":64}}
,"D:\\pet-projects\\react-study\\React-Q4\\src\\ui\\base-loader\\index.tsx": {"path":"D:\\pet-projects\\react-study\\React-Q4\\src\\ui\\base-loader\\index.tsx","all":false,"statementMap":{"0":{"start":{"line":1,"column":0},"end":{"line":1,"column":40}},"1":{"start":{"line":2,"column":0},"end":{"line":2,"column":0}},"2":{"start":{"line":3,"column":0},"end":{"line":3,"column":33}},"3":{"start":{"line":4,"column":0},"end":{"line":4,"column":55}},"4":{"start":{"line":5,"column":0},"end":{"line":5,"column":40}},"5":{"start":{"line":6,"column":0},"end":{"line":6,"column":8}},"6":{"start":{"line":7,"column":0},"end":{"line":7,"column":2}}},"s":{"0":1,"1":1,"2":1,"3":32,"4":32,"5":32,"6":1},"branchMap":{"0":{"type":"branch","line":3,"loc":{"start":{"line":3,"column":26},"end":{"line":6,"column":8}},"locations":[{"start":{"line":3,"column":26},"end":{"line":6,"column":8}}]}},"b":{"0":[32]},"fnMap":{"0":{"name":"BaseLoader","decl":{"start":{"line":3,"column":26},"end":{"line":6,"column":8}},"loc":{"start":{"line":3,"column":26},"end":{"line":6,"column":8}},"line":3}},"f":{"0":32}}
}
